this.slot[0][0][0] = new Pair(2.4606452873836595,0.0);
this.slot[0][0][1] = new Pair(2.2078760179241748,14.316880868645036);
this.slot[0][0][2] = new Pair(1.1418839183081513,23.471317763797856);
this.slot[0][0][3] = new Pair(3.0,9.907103573734666);
this.slot[0][0][4] = new Pair(3.0,21.6848570041862);
this.slot[0][0][5] = new Pair(1.5917512059001133,0.22832490662915828);
this.slot[0][0][6] = new Pair(0.4970910896161659,2.452428524204499);
this.slot[0][0][7] = new Pair(0.19584744985662073,2.1111674261664337);
this.slot[0][0][8] = new Pair(0.07626361241486446,0.0);
this.slot[0][1][0] = new Pair(0.5250346560202329,-18.91883348509233);
this.slot[0][1][1] = new Pair(1.7568115732061633,29.542400490709223);
this.slot[0][1][2] = new Pair(0.23121015747502982,13.127379539943561);
this.slot[0][1][3] = new Pair(1.1316010617005787,0.6416756031337552);
this.slot[0][1][4] = new Pair(1.9845712103061977,0.0);
this.slot[0][1][5] = new Pair(0.7308466517046123,-0.5912594111867762);
this.slot[0][1][6] = new Pair(1.6147873660844854,27.658330828846356);
this.slot[0][1][7] = new Pair(0.13805546051298523,0.6493557200553846);
this.slot[0][1][8] = new Pair(2.320188842253892,2.5956045254400615);
this.slot[1][0][0] = new Pair(2.32968891804782,18.269980904661377);
this.slot[1][0][1] = new Pair(1.3740083757067034,15.404241790480075);
this.slot[1][0][2] = new Pair(1.6819818591677143,17.028509867280718);
this.slot[1][0][3] = new Pair(1.9119056899326168,14.009505180847402);
this.slot[1][0][4] = new Pair(2.7707437239032546,15.0837341461064);
this.slot[1][0][5] = new Pair(2.051993019686942,15.232557074309074);
this.slot[1][0][6] = new Pair(2.3602706371598154,15.307604389943629);
this.slot[1][0][7] = new Pair(0.6917450699752559,0.9274309666809595);
this.slot[1][0][8] = new Pair(1.5767892133093713,29.1448672291918);
this.slot[1][1][0] = new Pair(2.2782951275820618,-4.93316413019334);
this.slot[1][1][1] = new Pair(0.7111942644325626,5.3933202901833415);
this.slot[1][1][2] = new Pair(1.5263360939139807,12.429354276582323);
this.slot[1][1][3] = new Pair(2.8202754165095953,7.629995263961135);
this.slot[1][1][4] = new Pair(2.7836207308046967,-1.6324878370138727);
this.slot[1][1][5] = new Pair(2.4612669174489015,12.446019445370375);
this.slot[1][1][6] = new Pair(0.2780862240083205,0.0);
this.slot[1][1][7] = new Pair(0.5319171702686963,11.946947687854198);
this.slot[1][1][8] = new Pair(2.951795580319015,21.909545235596877);

