this.slot[0][0][0] = new Pair(0.9183100099657233,18.59347051337735);
this.slot[0][0][1] = new Pair(2.498696762851203,1.83267442790555);
this.slot[0][0][2] = new Pair(1.466223869737564,21.37972865625131);
this.slot[0][0][3] = new Pair(2.2021017397096485,14.685663484218244);
this.slot[0][0][4] = new Pair(3.0,21.6848570041862);
this.slot[0][0][5] = new Pair(2.1796456299659717,0.0);
this.slot[0][0][6] = new Pair(0.0,0.0);
this.slot[0][0][7] = new Pair(0.07048471363348208,0.10385867088908851);
this.slot[0][0][8] = new Pair(0.933924036767369,0.5624659577643908);
this.slot[0][1][0] = new Pair(0.5250346560202329,-18.91883348509233);
this.slot[0][1][1] = new Pair(2.3650313118478077,28.26705848850294);
this.slot[0][1][2] = new Pair(0.14389973108231868,14.007374720929246);
this.slot[0][1][3] = new Pair(3.0,16.393654235355864);
this.slot[0][1][4] = new Pair(2.22431970527237,0.5586746396538596);
this.slot[0][1][5] = new Pair(0.7308466517046123,-0.5912594111867762);
this.slot[0][1][6] = new Pair(1.053696912749482,28.467148147110883);
this.slot[0][1][7] = new Pair(0.30656019994362504,0.8944820178743217);
this.slot[0][1][8] = new Pair(1.6095167514291102,1.4478274954475654);
this.slot[1][0][0] = new Pair(2.32968891804782,18.269980904661377);
this.slot[1][0][1] = new Pair(2.1337261356247805,14.757939631197392);
this.slot[1][0][2] = new Pair(2.304352688628498,13.587648771410139);
this.slot[1][0][3] = new Pair(0.06549444198300147,0.3699076113470825);
this.slot[1][0][4] = new Pair(0.0,0.0);
this.slot[1][0][5] = new Pair(1.9129154633348469,16.646146515261798);
this.slot[1][0][6] = new Pair(0.5282378574612199,14.981993474878635);
this.slot[1][0][7] = new Pair(0.8506613632938387,0.0);
this.slot[1][0][8] = new Pair(1.8475254442624855,26.71939420214564);
this.slot[1][1][0] = new Pair(2.2782951275820618,-4.93316413019334);
this.slot[1][1][1] = new Pair(0.839958402708318,4.918867547437781);
this.slot[1][1][2] = new Pair(1.5263360939139807,12.429354276582323);
this.slot[1][1][3] = new Pair(3.0,6.4394015658302);
this.slot[1][1][4] = new Pair(2.7836207308046967,-1.6324878370138727);
this.slot[1][1][5] = new Pair(2.6498400136907776,12.99292331291065);
this.slot[1][1][6] = new Pair(1.1620486597082023,11.596698135643933);
this.slot[1][1][7] = new Pair(0.47348640837987066,14.609676509527757);
this.slot[1][1][8] = new Pair(2.8361689411862443,21.49246032459405);

