this.slot[0][0][0] = new Pair(1.9864121838673126,7.881407790950384);
this.slot[0][0][1] = new Pair(2.566970714540707,-27.75304661985721);
this.slot[0][0][2] = new Pair(0.9546282283664819,19.6232631210365);
this.slot[0][0][3] = new Pair(2.6217750505705437,12.088610496736724);
this.slot[0][0][4] = new Pair(2.9736092613175753,22.078875225707435);
this.slot[0][0][5] = new Pair(1.6683952929189514,-15.268867722413589);
this.slot[0][0][6] = new Pair(0.8925445526515583,-16.550723009613716);
this.slot[0][0][7] = new Pair(1.5812109724350671,0.0);
this.slot[0][0][8] = new Pair(0.4366456720373827,17.176297398479036);
this.slot[0][1][0] = new Pair(1.2987332739550475,20.612481763301496);
this.slot[0][1][1] = new Pair(2.5378285728350107,-24.370951483773688);
this.slot[0][1][2] = new Pair(0.9769744786527391,-4.563405903889347);
this.slot[0][1][3] = new Pair(1.7145449857984651,14.960206614127685);
this.slot[0][1][4] = new Pair(0.0955205928051982,-17.52666017647957);
this.slot[0][1][5] = new Pair(0.6331205213379753,0.10641989866794432);
this.slot[0][1][6] = new Pair(0.5873727556285528,29.32313368037724);
this.slot[0][1][7] = new Pair(1.031802526075143,-8.08051347334272);
this.slot[0][1][8] = new Pair(1.6778673052325104,4.2056147020097905);
this.slot[1][0][0] = new Pair(1.6675010709974147,3.868910731463565);
this.slot[1][0][1] = new Pair(0.9222522392300639,-26.911206375062463);
this.slot[1][0][2] = new Pair(1.9957009222241164,2.099886271555121);
this.slot[1][0][3] = new Pair(1.554073899374342,0.0);
this.slot[1][0][4] = new Pair(0.30274187264525854,18.078066476538602);
this.slot[1][0][5] = new Pair(2.561481273190719,-19.330034945934678);
this.slot[1][0][6] = new Pair(1.7008778847643358,-25.137666278622646);
this.slot[1][0][7] = new Pair(0.3998499972344408,-0.4539121675007607);
this.slot[1][0][8] = new Pair(1.2355220636206827,27.531715548558594);
this.slot[1][1][0] = new Pair(2.113093532287259,0.06639619054389578);
this.slot[1][1][1] = new Pair(1.500194418302561,5.608890117656095);
this.slot[1][1][2] = new Pair(0.8018074462338464,24.37123179217036);
this.slot[1][1][3] = new Pair(0.5686561656501278,-5.282595190959306);
this.slot[1][1][4] = new Pair(3.0,0.0);
this.slot[1][1][5] = new Pair(2.4612669174489015,12.446019445370375);
this.slot[1][1][6] = new Pair(0.7704433363838756,-10.64435230922031);
this.slot[1][1][7] = new Pair(0.5319171702686963,11.946947687854198);
this.slot[1][1][8] = new Pair(2.827302179145341,22.21509207769052);

