this.slot[0][0][0] = new Pair(1.9864121838673126,7.881407790950384);
this.slot[0][0][1] = new Pair(1.899939206889111,0.0);
this.slot[0][0][2] = new Pair(1.4704454491570442,20.727745946818224);
this.slot[0][0][3] = new Pair(2.8354954071980845,14.085147309906134);
this.slot[0][0][4] = new Pair(2.9736092613175753,22.078875225707435);
this.slot[0][0][5] = new Pair(1.2518401823030318,-11.391735886842678);
this.slot[0][0][6] = new Pair(0.08654965298575112,1.7583945910487913);
this.slot[0][0][7] = new Pair(0.0,1.4514405780318378);
this.slot[0][0][8] = new Pair(0.3168419695132785,0.30516347058692617);
this.slot[0][1][0] = new Pair(1.548981456180229,-28.477541338353447);
this.slot[0][1][1] = new Pair(2.4113483531511113,7.6293485319130525);
this.slot[0][1][2] = new Pair(1.4295012100610072,0.0);
this.slot[0][1][3] = new Pair(2.102265933415044,19.17764908758617);
this.slot[0][1][4] = new Pair(2.215415669819548,-6.993201154147869);
this.slot[0][1][5] = new Pair(0.7308466517046123,-0.5912594111867762);
this.slot[0][1][6] = new Pair(0.5873727556285528,29.32313368037724);
this.slot[0][1][7] = new Pair(2.129210561831181,12.406975310169273);
this.slot[0][1][8] = new Pair(0.8693983273506323,20.861982810019782);
this.slot[1][0][0] = new Pair(2.0123311365454635,0.0);
this.slot[1][0][1] = new Pair(2.1814392094649704,25.84106815636408);
this.slot[1][0][2] = new Pair(0.23871511646221988,27.41615182575148);
this.slot[1][0][3] = new Pair(0.48086575552971345,-29.837731352110286);
this.slot[1][0][4] = new Pair(0.5813512671134858,-7.187016149451221);
this.slot[1][0][5] = new Pair(2.9380203625774803,-11.135239936669073);
this.slot[1][0][6] = new Pair(1.7008778847643358,-25.137666278622646);
this.slot[1][0][7] = new Pair(0.3998499972344408,-0.4539121675007607);
this.slot[1][0][8] = new Pair(1.2355220636206827,27.531715548558594);
this.slot[1][1][0] = new Pair(3.0,25.0);
this.slot[1][1][1] = new Pair(3.0,26.356628130153908);
this.slot[1][1][2] = new Pair(2.7911703472786713,25.22425780711593);
this.slot[1][1][3] = new Pair(3.0,25.0);
this.slot[1][1][4] = new Pair(0.5337472475459694,5.296247185599668);
this.slot[1][1][5] = new Pair(2.4612669174489015,12.446019445370375);
this.slot[1][1][6] = new Pair(1.2638990869082036,11.302436257081446);
this.slot[1][1][7] = new Pair(2.9505325957919424,14.846281898952533);
this.slot[1][1][8] = new Pair(2.486117260897002,18.806626161767923);

