this.slot[0][0][0] = new Pair(2.2240322464632154,9.289689034453303);
this.slot[0][0][1] = new Pair(1.7285118420877454,0.0);
this.slot[0][0][2] = new Pair(1.466223869737564,21.37972865625131);
this.slot[0][0][3] = new Pair(2.8565232807973855,14.015021500923066);
this.slot[0][0][4] = new Pair(0.6004393799541305,0.0);
this.slot[0][0][5] = new Pair(1.2946218689821167,0.0);
this.slot[0][0][6] = new Pair(0.8925445526515583,-16.550723009613716);
this.slot[0][0][7] = new Pair(1.9962679855128465,0.0);
this.slot[0][0][8] = new Pair(0.3168419695132785,0.30516347058692617);
this.slot[0][1][0] = new Pair(0.5250346560202329,-18.91883348509233);
this.slot[0][1][1] = new Pair(2.8326823108838455,30.0);
this.slot[0][1][2] = new Pair(0.23121015747502982,13.127379539943561);
this.slot[0][1][3] = new Pair(1.126694128242217,0.0);
this.slot[0][1][4] = new Pair(2.3317597341041334,0.0);
this.slot[0][1][5] = new Pair(0.0,0.0);
this.slot[0][1][6] = new Pair(0.5304318079046012,27.50153544453344);
this.slot[0][1][7] = new Pair(0.9919856729181304,0.4921610794005504);
this.slot[0][1][8] = new Pair(1.6085125060838512,0.0);
this.slot[1][0][0] = new Pair(2.296550786641737,18.551573736772912);
this.slot[1][0][1] = new Pair(2.5025091459842037,7.017064355464828);
this.slot[1][0][2] = new Pair(0.09694765284153528,14.837007660895068);
this.slot[1][0][3] = new Pair(1.9119056899326168,14.009505180847402);
this.slot[1][0][4] = new Pair(2.7707437239032546,15.0837341461064);
this.slot[1][0][5] = new Pair(2.051993019686942,15.232557074309074);
this.slot[1][0][6] = new Pair(2.3602706371598154,15.307604389943629);
this.slot[1][0][7] = new Pair(0.3474535206637648,0.0);
this.slot[1][0][8] = new Pair(1.4370185644787488,25.369908397564256);
this.slot[1][1][0] = new Pair(2.8605509909209204,0.0);
this.slot[1][1][1] = new Pair(0.7111942644325626,5.3933202901833415);
this.slot[1][1][2] = new Pair(1.9857168625924366,9.19407309677238);
this.slot[1][1][3] = new Pair(2.8202754165095953,7.629995263961135);
this.slot[1][1][4] = new Pair(1.8725487833709251,0.0);
this.slot[1][1][5] = new Pair(2.4612669174489015,12.446019445370375);
this.slot[1][1][6] = new Pair(0.7704433363838756,-10.64435230922031);
this.slot[1][1][7] = new Pair(0.36008765926767516,12.515418512482679);
this.slot[1][1][8] = new Pair(3.0,22.808115929418175);

