this.slot[0][0][0] = new Pair(1.521306498933661,18.16002159258811);
this.slot[0][0][1] = new Pair(2.5702776389866333,0.0);
this.slot[0][0][2] = new Pair(0.9546282283664819,19.6232631210365);
this.slot[0][0][3] = new Pair(2.9213938276446823,15.880639559546998);
this.slot[0][0][4] = new Pair(1.00700423626253,-16.27033267328536);
this.slot[0][0][5] = new Pair(1.6683952929189514,-15.268867722413589);
this.slot[0][0][6] = new Pair(0.8925445526515583,-16.550723009613716);
this.slot[0][0][7] = new Pair(1.5060994098462497,0.0);
this.slot[0][0][8] = new Pair(0.5915620683378437,0.0);
this.slot[0][1][0] = new Pair(1.1952412307309672,0.0);
this.slot[0][1][1] = new Pair(2.9599217250652226,7.52409444004892);
this.slot[0][1][2] = new Pair(1.7610873875090243,-23.886037421618678);
this.slot[0][1][3] = new Pair(2.102265933415044,19.17764908758617);
this.slot[0][1][4] = new Pair(2.215415669819548,-6.993201154147869);
this.slot[0][1][5] = new Pair(0.7308466517046123,-0.5912594111867762);
this.slot[0][1][6] = new Pair(0.5873727556285528,29.32313368037724);
this.slot[0][1][7] = new Pair(1.031802526075143,-8.08051347334272);
this.slot[0][1][8] = new Pair(1.3002573295487942,3.0124048303004614);
this.slot[1][0][0] = new Pair(2.9883642414268414,19.307966402036048);
this.slot[1][0][1] = new Pair(1.7164365752211344,5.481197230801565);
this.slot[1][0][2] = new Pair(2.0,15.0);
this.slot[1][0][3] = new Pair(0.35894658960016645,-10.19367194969469);
this.slot[1][0][4] = new Pair(0.39862317842634465,-9.127456679029194);
this.slot[1][0][5] = new Pair(2.0,15.0);
this.slot[1][0][6] = new Pair(1.8949110471661719,15.845826806537119);
this.slot[1][0][7] = new Pair(0.3998499972344408,-0.4539121675007607);
this.slot[1][0][8] = new Pair(1.2355220636206827,27.531715548558594);
this.slot[1][1][0] = new Pair(2.0680815887663053,25.642341334684332);
this.slot[1][1][1] = new Pair(1.8809935748575866,18.653160116888635);
this.slot[1][1][2] = new Pair(0.9898941450110598,29.72580127116168);
this.slot[1][1][3] = new Pair(1.5379571427594874,-19.84106731669287);
this.slot[1][1][4] = new Pair(2.7836207308046967,-1.6324878370138727);
this.slot[1][1][5] = new Pair(2.416516476359163,11.909663109915822);
this.slot[1][1][6] = new Pair(0.30079990854497174,0.0);
this.slot[1][1][7] = new Pair(0.8723890434845435,16.348363762239437);
this.slot[1][1][8] = new Pair(2.910754861435184,21.602707931497207);

