this.slot[0][0][0] = new Pair(1.9864121838673126,7.881407790950384);
this.slot[0][0][1] = new Pair(2.8577833401244024,0.0);
this.slot[0][0][2] = new Pair(1.4704454491570442,20.727745946818224);
this.slot[0][0][3] = new Pair(2.8354954071980845,14.085147309906134);
this.slot[0][0][4] = new Pair(3.0,21.6848570041862);
this.slot[0][0][5] = new Pair(1.6039864092009977,1.1240109068986128);
this.slot[0][0][6] = new Pair(0.0,0.0);
this.slot[0][0][7] = new Pair(3.0,23.21136842893583);
this.slot[0][0][8] = new Pair(0.0,0.0);
this.slot[0][1][0] = new Pair(0.5794607192082466,30.0);
this.slot[0][1][1] = new Pair(3.0,18.396729592069413);
this.slot[0][1][2] = new Pair(1.7610873875090243,-23.886037421618678);
this.slot[0][1][3] = new Pair(2.57820923579699,19.183101350755038);
this.slot[0][1][4] = new Pair(2.0214957846080766,0.0);
this.slot[0][1][5] = new Pair(0.0,0.010577351209407615);
this.slot[0][1][6] = new Pair(0.5873727556285528,29.32313368037724);
this.slot[0][1][7] = new Pair(1.031802526075143,-8.08051347334272);
this.slot[0][1][8] = new Pair(0.9085749088390495,2.6145257479957706);
this.slot[1][0][0] = new Pair(1.5719301065053175,-3.0532513431357273);
this.slot[1][0][1] = new Pair(1.1947014124353286,3.3361667372224164);
this.slot[1][0][2] = new Pair(0.21624914741072387,0.0);
this.slot[1][0][3] = new Pair(0.35894658960016645,-10.19367194969469);
this.slot[1][0][4] = new Pair(0.39862317842634465,-9.127456679029194);
this.slot[1][0][5] = new Pair(2.6276927497599516,14.88475474975402);
this.slot[1][0][6] = new Pair(1.7008778847643358,-25.137666278622646);
this.slot[1][0][7] = new Pair(0.0,0.0);
this.slot[1][0][8] = new Pair(1.2355220636206827,27.531715548558594);
this.slot[1][1][0] = new Pair(2.443571498885883,0.0);
this.slot[1][1][1] = new Pair(0.839958402708318,4.918867547437781);
this.slot[1][1][2] = new Pair(1.893085271103943,10.83993220952913);
this.slot[1][1][3] = new Pair(1.5379571427594874,-19.84106731669287);
this.slot[1][1][4] = new Pair(2.2548450501924764,0.0);
this.slot[1][1][5] = new Pair(2.4612669174489015,12.446019445370375);
this.slot[1][1][6] = new Pair(0.18642775298832104,0.0);
this.slot[1][1][7] = new Pair(0.5319171702686963,11.946947687854198);
this.slot[1][1][8] = new Pair(2.827302179145341,22.21509207769052);

