this.slot[0][0][0] = new Pair(1.390140971609493,16.564822532034476);
this.slot[0][0][1] = new Pair(2.292392638376293,12.980326433143466);
this.slot[0][0][2] = new Pair(1.4704454491570442,20.727745946818224);
this.slot[0][0][3] = new Pair(2.526797845923964,12.029090063779584);
this.slot[0][0][4] = new Pair(1.2028850574782546,0.8482509942154008);
this.slot[0][0][5] = new Pair(1.5792487721505748,0.17422685778414748);
this.slot[0][0][6] = new Pair(0.08654965298575112,1.7583945910487913);
this.slot[0][0][7] = new Pair(0.03307409606671874,3.4316148303902674);
this.slot[0][0][8] = new Pair(0.6638981604351784,0.0);
this.slot[0][1][0] = new Pair(0.5250346560202329,-18.91883348509233);
this.slot[0][1][1] = new Pair(2.938490789444859,28.218542487630106);
this.slot[0][1][2] = new Pair(0.3160753031357212,14.530573681097835);
this.slot[0][1][3] = new Pair(2.8868950061134586,20.21635182787638);
this.slot[0][1][4] = new Pair(2.055594547359231,0.0);
this.slot[0][1][5] = new Pair(0.14321034106400532,1.1863323941246557);
this.slot[0][1][6] = new Pair(0.48371397373841085,30.0);
this.slot[0][1][7] = new Pair(1.031802526075143,-8.08051347334272);
this.slot[0][1][8] = new Pair(1.910243179216479,5.416008337948472);
this.slot[1][0][0] = new Pair(2.121539458393017,19.850225030960466);
this.slot[1][0][1] = new Pair(1.72654278129301,14.288646370546196);
this.slot[1][0][2] = new Pair(1.483122498766774,13.278037189400939);
this.slot[1][0][3] = new Pair(1.0203884817524491,0.0);
this.slot[1][0][4] = new Pair(0.015043715154653747,0.0);
this.slot[1][0][5] = new Pair(1.6907959306809952,17.79670612562085);
this.slot[1][0][6] = new Pair(1.1280484531786006,16.056328835700917);
this.slot[1][0][7] = new Pair(0.8555973205854731,0.0);
this.slot[1][0][8] = new Pair(1.2355220636206827,27.531715548558594);
this.slot[1][1][0] = new Pair(2.424302187638332,0.0);
this.slot[1][1][1] = new Pair(0.7111942644325626,5.3933202901833415);
this.slot[1][1][2] = new Pair(1.5263360939139807,12.429354276582323);
this.slot[1][1][3] = new Pair(1.235701498573028,0.0);
this.slot[1][1][4] = new Pair(2.2548450501924764,0.0);
this.slot[1][1][5] = new Pair(3.0,12.329576585378277);
this.slot[1][1][6] = new Pair(0.7704433363838756,-10.64435230922031);
this.slot[1][1][7] = new Pair(0.9283792920037652,9.546650768491732);
this.slot[1][1][8] = new Pair(3.0,20.714805924502134);

