this.slot[0][0][0] = new Pair(1.521306498933661,18.16002159258811);
this.slot[0][0][1] = new Pair(2.7917540187477297,0.0);
this.slot[0][0][2] = new Pair(1.466223869737564,21.37972865625131);
this.slot[0][0][3] = new Pair(3.0,15.917462920900945);
this.slot[0][0][4] = new Pair(1.00700423626253,-16.27033267328536);
this.slot[0][0][5] = new Pair(1.2260272052344474,0.0);
this.slot[0][0][6] = new Pair(1.3004367193161315,0.0);
this.slot[0][0][7] = new Pair(1.9962679855128465,0.0);
this.slot[0][0][8] = new Pair(0.5915620683378437,0.0);
this.slot[0][1][0] = new Pair(0.16931609952166837,0.0);
this.slot[0][1][1] = new Pair(2.3650313118478077,28.26705848850294);
this.slot[0][1][2] = new Pair(0.3469664685978311,14.710242140797952);
this.slot[0][1][3] = new Pair(2.4134577203455825,13.324791139268214);
this.slot[0][1][4] = new Pair(0.9736041385666664,8.015277535872514);
this.slot[0][1][5] = new Pair(1.1118491539497621,2.856358032312727);
this.slot[0][1][6] = new Pair(0.5873727556285528,29.32313368037724);
this.slot[0][1][7] = new Pair(1.0906703985135915,0.0);
this.slot[0][1][8] = new Pair(1.533488316941014,1.8370970899019656);
this.slot[1][0][0] = new Pair(2.2751424768084334,19.83904492256931);
this.slot[1][0][1] = new Pair(1.9060023468333704,15.957085037760244);
this.slot[1][0][2] = new Pair(2.0,15.0);
this.slot[1][0][3] = new Pair(0.35894658960016645,-10.19367194969469);
this.slot[1][0][4] = new Pair(0.5501904116908759,0.0);
this.slot[1][0][5] = new Pair(2.547647179507443,14.336898530957722);
this.slot[1][0][6] = new Pair(1.8949110471661719,15.845826806537119);
this.slot[1][0][7] = new Pair(0.3998499972344408,-0.4539121675007607);
this.slot[1][0][8] = new Pair(1.2355220636206827,27.531715548558594);
this.slot[1][1][0] = new Pair(1.8694812193925059,2.0379239885759306);
this.slot[1][1][1] = new Pair(0.570185755869684,7.295010988743989);
this.slot[1][1][2] = new Pair(1.8523410890278722,14.133124989821171);
this.slot[1][1][3] = new Pair(2.9572731348492924,6.755751177530449);
this.slot[1][1][4] = new Pair(0.5337472475459694,5.296247185599668);
this.slot[1][1][5] = new Pair(2.0094755723816666,10.960432149578338);
this.slot[1][1][6] = new Pair(0.30079990854497174,0.0);
this.slot[1][1][7] = new Pair(0.19373579707384492,18.59854419757987);
this.slot[1][1][8] = new Pair(2.910754861435184,21.602707931497207);

