this.slot[0][0][0] = new Pair(2.4606452873836595,0.0);
this.slot[0][0][1] = new Pair(2.2078760179241748,14.316880868645036);
this.slot[0][0][2] = new Pair(1.5256823666827342,0.0);
this.slot[0][0][3] = new Pair(1.6437450638448485,26.384500684181912);
this.slot[0][0][4] = new Pair(2.4277820267913857,21.39322227567858);
this.slot[0][0][5] = new Pair(1.3736470621815924,0.5116617610717155);
this.slot[0][0][6] = new Pair(0.17504201289525045,0.20084390534528307);
this.slot[0][0][7] = new Pair(0.0,0.0);
this.slot[0][0][8] = new Pair(0.14818179206917526,1.9027104642470776);
this.slot[0][1][0] = new Pair(0.0,0.0);
this.slot[0][1][1] = new Pair(2.0432340805041287,27.9927318060526);
this.slot[0][1][2] = new Pair(0.3469664685978311,14.710242140797952);
this.slot[0][1][3] = new Pair(1.7836874477727656,0.0);
this.slot[0][1][4] = new Pair(1.2763267789663542,0.0);
this.slot[0][1][5] = new Pair(0.7308466517046123,-0.5912594111867762);
this.slot[0][1][6] = new Pair(1.194034535534445,27.94507857619386);
this.slot[0][1][7] = new Pair(0.30656019994362504,0.8944820178743217);
this.slot[0][1][8] = new Pair(3.0,0.0);
this.slot[1][0][0] = new Pair(2.32968891804782,18.269980904661377);
this.slot[1][0][1] = new Pair(1.3740083757067034,15.404241790480075);
this.slot[1][0][2] = new Pair(2.0,15.0);
this.slot[1][0][3] = new Pair(2.1948201433444128,11.637542981859308);
this.slot[1][0][4] = new Pair(0.0,0.0);
this.slot[1][0][5] = new Pair(1.7285703685854767,15.711609281888832);
this.slot[1][0][6] = new Pair(1.1280484531786006,16.056328835700917);
this.slot[1][0][7] = new Pair(0.0,1.0867983826704184);
this.slot[1][0][8] = new Pair(1.6834816405547692,29.948196971688557);
this.slot[1][1][0] = new Pair(2.2782951275820618,-4.93316413019334);
this.slot[1][1][1] = new Pair(0.0,12.351483835824437);
this.slot[1][1][2] = new Pair(1.7882976414141627,13.508718075042456);
this.slot[1][1][3] = new Pair(2.958784490088238,4.1975265526032945);
this.slot[1][1][4] = new Pair(0.5337472475459694,5.296247185599668);
this.slot[1][1][5] = new Pair(2.6498400136907776,12.99292331291065);
this.slot[1][1][6] = new Pair(1.2638990869082036,11.302436257081446);
this.slot[1][1][7] = new Pair(0.47348640837987066,14.609676509527757);
this.slot[1][1][8] = new Pair(2.8361689411862443,21.49246032459405);

