this.slot[0][0][0] = new Pair(1.6853608022637758,3.7012378699836193);
this.slot[0][0][1] = new Pair(1.7771395817052005,13.102579061467026);
this.slot[0][0][2] = new Pair(1.4704454491570442,20.727745946818224);
this.slot[0][0][3] = new Pair(2.5881769703251285,12.740451541526236);
this.slot[0][0][4] = new Pair(2.9736092613175753,22.078875225707435);
this.slot[0][0][5] = new Pair(1.6683952929189514,-15.268867722413589);
this.slot[0][0][6] = new Pair(0.8925445526515583,-16.550723009613716);
this.slot[0][0][7] = new Pair(1.67708641479778,0.0);
this.slot[0][0][8] = new Pair(0.4366456720373827,17.176297398479036);
this.slot[0][1][0] = new Pair(0.5250346560202329,-18.91883348509233);
this.slot[0][1][1] = new Pair(2.3650313118478077,28.26705848850294);
this.slot[0][1][2] = new Pair(0.3469664685978311,14.710242140797952);
this.slot[0][1][3] = new Pair(1.0589481286970188,-20.18384948862556);
this.slot[0][1][4] = new Pair(2.215415669819548,-6.993201154147869);
this.slot[0][1][5] = new Pair(0.7308466517046123,-0.5912594111867762);
this.slot[0][1][6] = new Pair(0.5873727556285528,29.32313368037724);
this.slot[0][1][7] = new Pair(1.031802526075143,-8.08051347334272);
this.slot[0][1][8] = new Pair(1.3002573295487942,3.0124048303004614);
this.slot[1][0][0] = new Pair(2.0,15.0);
this.slot[1][0][1] = new Pair(1.568252390312085,5.200446123823035);
this.slot[1][0][2] = new Pair(0.17723671432260868,0.0);
this.slot[1][0][3] = new Pair(0.35894658960016645,-10.19367194969469);
this.slot[1][0][4] = new Pair(0.7188109371655014,0.0);
this.slot[1][0][5] = new Pair(2.4821996693600243,0.0);
this.slot[1][0][6] = new Pair(0.11861421383289805,17.949769226469385);
this.slot[1][0][7] = new Pair(0.0,0.0);
this.slot[1][0][8] = new Pair(1.9158585353866673,27.72484105571378);
this.slot[1][1][0] = new Pair(2.2782951275820618,-4.93316413019334);
this.slot[1][1][1] = new Pair(1.8405443682684406,19.188876476416098);
this.slot[1][1][2] = new Pair(0.9898941450110598,29.72580127116168);
this.slot[1][1][3] = new Pair(1.7146409520005474,0.0);
this.slot[1][1][4] = new Pair(2.7836207308046967,-1.6324878370138727);
this.slot[1][1][5] = new Pair(2.4612669174489015,12.446019445370375);
this.slot[1][1][6] = new Pair(0.27470552714410346,0.0);
this.slot[1][1][7] = new Pair(0.0,10.510178190874942);
this.slot[1][1][8] = new Pair(3.0,22.491900218804417);

