this.slot[0][0][0] = new Pair(1.9864121838673126,7.881407790950384);
this.slot[0][0][1] = new Pair(2.6098965802898366,0.0);
this.slot[0][0][2] = new Pair(0.9546282283664819,19.6232631210365);
this.slot[0][0][3] = new Pair(2.7695633602626755,11.291167122671393);
this.slot[0][0][4] = new Pair(2.9736092613175753,22.078875225707435);
this.slot[0][0][5] = new Pair(1.4209205586027593,0.0);
this.slot[0][0][6] = new Pair(0.3365525745680805,1.6502895275205487);
this.slot[0][0][7] = new Pair(0.0,0.0);
this.slot[0][0][8] = new Pair(0.0839970924914144,1.0168094079841175);
this.slot[0][1][0] = new Pair(1.548981456180229,-28.477541338353447);
this.slot[0][1][1] = new Pair(2.5800889670104024,29.155678466261946);
this.slot[0][1][2] = new Pair(0.0,13.801878498670964);
this.slot[0][1][3] = new Pair(2.4201791924769633,12.569078329570864);
this.slot[0][1][4] = new Pair(0.9360070120485943,9.209680290433667);
this.slot[0][1][5] = new Pair(0.6376567248244737,3.2510812730032193);
this.slot[0][1][6] = new Pair(0.5873727556285528,29.32313368037724);
this.slot[0][1][7] = new Pair(1.031802526075143,-8.08051347334272);
this.slot[0][1][8] = new Pair(2.261359088861121,0.1545772053582828);
this.slot[1][0][0] = new Pair(2.1328735920252244,17.949474878926473);
this.slot[1][0][1] = new Pair(1.7164365752211344,5.481197230801565);
this.slot[1][0][2] = new Pair(2.0,15.0);
this.slot[1][0][3] = new Pair(0.35894658960016645,-10.19367194969469);
this.slot[1][0][4] = new Pair(0.39862317842634465,-9.127456679029194);
this.slot[1][0][5] = new Pair(3.0,0.0);
this.slot[1][0][6] = new Pair(1.7008778847643358,-25.137666278622646);
this.slot[1][0][7] = new Pair(0.3998499972344408,-0.4539121675007607);
this.slot[1][0][8] = new Pair(1.2355220636206827,27.531715548558594);
this.slot[1][1][0] = new Pair(1.7132941481540886,0.0);
this.slot[1][1][1] = new Pair(0.7111942644325626,5.3933202901833415);
this.slot[1][1][2] = new Pair(1.7853189243161822,11.880904878125467);
this.slot[1][1][3] = new Pair(3.0,5.755033548238687);
this.slot[1][1][4] = new Pair(2.7836207308046967,-1.6324878370138727);
this.slot[1][1][5] = new Pair(2.4612669174489015,12.446019445370375);
this.slot[1][1][6] = new Pair(0.7704433363838756,-10.64435230922031);
this.slot[1][1][7] = new Pair(0.02097743003057484,12.918684004267941);
this.slot[1][1][8] = new Pair(2.827302179145341,22.21509207769052);

