this.slot[0][0][0] = new Pair(2.2240322464632154,9.289689034453303);
this.slot[0][0][1] = new Pair(2.893490136849948,0.0);
this.slot[0][0][2] = new Pair(0.9546282283664819,19.6232631210365);
this.slot[0][0][3] = new Pair(2.8354954071980845,14.085147309906134);
this.slot[0][0][4] = new Pair(3.0,22.460888728413888);
this.slot[0][0][5] = new Pair(1.9660884538858814,0.0);
this.slot[0][0][6] = new Pair(0.8925445526515583,-16.550723009613716);
this.slot[0][0][7] = new Pair(3.0,25.0);
this.slot[0][0][8] = new Pair(0.3168419695132785,0.30516347058692617);
this.slot[0][1][0] = new Pair(1.548981456180229,-28.477541338353447);
this.slot[0][1][1] = new Pair(2.5800889670104024,29.155678466261946);
this.slot[0][1][2] = new Pair(0.0,13.801878498670964);
this.slot[0][1][3] = new Pair(2.4201791924769633,12.569078329570864);
this.slot[0][1][4] = new Pair(0.9360070120485943,9.209680290433667);
this.slot[0][1][5] = new Pair(1.3011862454076297,3.068919283007376);
this.slot[0][1][6] = new Pair(0.5873727556285528,29.32313368037724);
this.slot[0][1][7] = new Pair(1.031802526075143,-8.08051347334272);
this.slot[0][1][8] = new Pair(0.8693983273506323,20.861982810019782);
this.slot[1][0][0] = new Pair(2.3540697890811737,18.419634625195386);
this.slot[1][0][1] = new Pair(1.3769658601385797,6.883563650141141);
this.slot[1][0][2] = new Pair(0.25104532482282615,-3.5281538750409815);
this.slot[1][0][3] = new Pair(0.2153752960129819,0.0);
this.slot[1][0][4] = new Pair(0.2347522988197811,0.0);
this.slot[1][0][5] = new Pair(3.0,0.0);
this.slot[1][0][6] = new Pair(1.7008778847643358,-25.137666278622646);
this.slot[1][0][7] = new Pair(0.0,0.0);
this.slot[1][0][8] = new Pair(1.7046143846754962,27.35471035455573);
this.slot[1][1][0] = new Pair(2.9310329070928267,26.989342476592853);
this.slot[1][1][1] = new Pair(2.095014233214969,15.879701783012907);
this.slot[1][1][2] = new Pair(0.09466771806149243,28.47321547980014);
this.slot[1][1][3] = new Pair(1.5379571427594874,-19.84106731669287);
this.slot[1][1][4] = new Pair(2.7836207308046967,-1.6324878370138727);
this.slot[1][1][5] = new Pair(2.4612669174489015,12.446019445370375);
this.slot[1][1][6] = new Pair(0.30079990854497174,0.0);
this.slot[1][1][7] = new Pair(0.8390682853529867,14.265717698869762);
this.slot[1][1][8] = new Pair(2.486117260897002,18.806626161767923);

