this.slot[0][0][0] = new Pair(2.2240322464632154,9.289689034453303);
this.slot[0][0][1] = new Pair(2.5702776389866333,0.0);
this.slot[0][0][2] = new Pair(1.466223869737564,21.37972865625131);
this.slot[0][0][3] = new Pair(3.0,15.790039875241218);
this.slot[0][0][4] = new Pair(1.00700423626253,-16.27033267328536);
this.slot[0][0][5] = new Pair(1.2260272052344474,0.0);
this.slot[0][0][6] = new Pair(0.8925445526515583,-16.550723009613716);
this.slot[0][0][7] = new Pair(1.9962679855128465,0.0);
this.slot[0][0][8] = new Pair(0.5915620683378437,0.0);
this.slot[0][1][0] = new Pair(1.1952412307309672,0.0);
this.slot[0][1][1] = new Pair(2.9599217250652226,7.52409444004892);
this.slot[0][1][2] = new Pair(1.7610873875090243,-23.886037421618678);
this.slot[0][1][3] = new Pair(2.4134577203455825,13.324791139268214);
this.slot[0][1][4] = new Pair(0.9360070120485943,9.209680290433667);
this.slot[0][1][5] = new Pair(1.1118491539497621,2.856358032312727);
this.slot[0][1][6] = new Pair(0.5873727556285528,29.32313368037724);
this.slot[0][1][7] = new Pair(1.0906703985135915,0.0);
this.slot[0][1][8] = new Pair(1.3852240644306795,1.5323785867341697);
this.slot[1][0][0] = new Pair(2.1042556295928003,18.792168571472512);
this.slot[1][0][1] = new Pair(1.1947014124353286,3.3361667372224164);
this.slot[1][0][2] = new Pair(0.21624914741072387,0.0);
this.slot[1][0][3] = new Pair(0.35894658960016645,-10.19367194969469);
this.slot[1][0][4] = new Pair(0.21339822048670065,0.0);
this.slot[1][0][5] = new Pair(2.2442864810934506,15.694650783135849);
this.slot[1][0][6] = new Pair(1.8949110471661719,15.845826806537119);
this.slot[1][0][7] = new Pair(0.3998499972344408,-0.4539121675007607);
this.slot[1][0][8] = new Pair(1.2355220636206827,27.531715548558594);
this.slot[1][1][0] = new Pair(2.424302187638332,0.0);
this.slot[1][1][1] = new Pair(0.7111942644325626,5.3933202901833415);
this.slot[1][1][2] = new Pair(1.5263360939139807,12.429354276582323);
this.slot[1][1][3] = new Pair(3.0,6.809413474622006);
this.slot[1][1][4] = new Pair(2.7836207308046967,-1.6324878370138727);
this.slot[1][1][5] = new Pair(1.5905818884272795,10.411859689986994);
this.slot[1][1][6] = new Pair(0.30079990854497174,0.0);
this.slot[1][1][7] = new Pair(0.8723890434845435,16.348363762239437);
this.slot[1][1][8] = new Pair(2.910754861435184,21.602707931497207);

