this.slot[0][0][0] = new Pair(1.9864121838673126,7.881407790950384);
this.slot[0][0][1] = new Pair(2.6098965802898366,0.0);
this.slot[0][0][2] = new Pair(0.9546282283664819,19.6232631210365);
this.slot[0][0][3] = new Pair(2.7695633602626755,11.291167122671393);
this.slot[0][0][4] = new Pair(2.9736092613175753,22.078875225707435);
this.slot[0][0][5] = new Pair(1.5917512059001133,0.22832490662915828);
this.slot[0][0][6] = new Pair(0.3365525745680805,1.6502895275205487);
this.slot[0][0][7] = new Pair(0.0,0.0);
this.slot[0][0][8] = new Pair(0.0,0.0);
this.slot[0][1][0] = new Pair(1.1952412307309672,0.0);
this.slot[0][1][1] = new Pair(2.9599217250652226,7.52409444004892);
this.slot[0][1][2] = new Pair(1.7610873875090243,-23.886037421618678);
this.slot[0][1][3] = new Pair(2.1711496563399963,20.378714811788004);
this.slot[0][1][4] = new Pair(2.4589797114689853,0.0);
this.slot[0][1][5] = new Pair(0.3106954705433158,0.0);
this.slot[0][1][6] = new Pair(1.194034535534445,27.94507857619386);
this.slot[0][1][7] = new Pair(0.43590993238599063,1.8441510648383788);
this.slot[0][1][8] = new Pair(1.6095167514291102,1.4478274954475654);
this.slot[1][0][0] = new Pair(2.27245489344635,18.69218694838215);
this.slot[1][0][1] = new Pair(2.2883229954715203,15.49407187041761);
this.slot[1][0][2] = new Pair(2.0,15.0);
this.slot[1][0][3] = new Pair(2.0,15.0);
this.slot[1][0][4] = new Pair(2.608280678760786,12.60227022573157);
this.slot[1][0][5] = new Pair(1.9129154633348469,16.646146515261798);
this.slot[1][0][6] = new Pair(1.1280484531786006,16.056328835700917);
this.slot[1][0][7] = new Pair(0.5722273653185321,0.5709219285874579);
this.slot[1][0][8] = new Pair(1.2355220636206827,27.531715548558594);
this.slot[1][1][0] = new Pair(2.424302187638332,0.0);
this.slot[1][1][1] = new Pair(0.7111942644325626,5.3933202901833415);
this.slot[1][1][2] = new Pair(1.5263360939139807,12.429354276582323);
this.slot[1][1][3] = new Pair(2.8202754165095953,7.629995263961135);
this.slot[1][1][4] = new Pair(2.7417499886566965,0.0);
this.slot[1][1][5] = new Pair(2.01182349996569,11.47916334701122);
this.slot[1][1][6] = new Pair(1.2638990869082036,11.302436257081446);
this.slot[1][1][7] = new Pair(0.4795827838579143,15.619527679988785);
this.slot[1][1][8] = new Pair(3.0,21.828974958596422);

