this.slot[0][0][0] = new Pair(2.2240322464632154,9.289689034453303);
this.slot[0][0][1] = new Pair(1.3975850379946517,1.0774387473820002);
this.slot[0][0][2] = new Pair(1.466223869737564,21.37972865625131);
this.slot[0][0][3] = new Pair(2.9213938276446823,15.880639559546998);
this.slot[0][0][4] = new Pair(0.621946465320336,0.0);
this.slot[0][0][5] = new Pair(1.2260272052344474,0.0);
this.slot[0][0][6] = new Pair(0.8925445526515583,-16.550723009613716);
this.slot[0][0][7] = new Pair(2.1852275417770826,1.0301216767413108);
this.slot[0][0][8] = new Pair(0.3168419695132785,0.30516347058692617);
this.slot[0][1][0] = new Pair(0.13973234715606242,0.5603856492665863);
this.slot[0][1][1] = new Pair(2.938490789444859,28.218542487630106);
this.slot[0][1][2] = new Pair(0.775572505091481,17.599323193447965);
this.slot[0][1][3] = new Pair(1.5858422772950345,0.0);
this.slot[0][1][4] = new Pair(1.882649486125842,0.0);
this.slot[0][1][5] = new Pair(0.4620148217486786,0.0);
this.slot[0][1][6] = new Pair(1.194034535534445,27.94507857619386);
this.slot[0][1][7] = new Pair(0.06771897447606934,0.0);
this.slot[0][1][8] = new Pair(1.9938003733637069,3.6360972160252674);
this.slot[1][0][0] = new Pair(1.6095160450859654,0.0);
this.slot[1][0][1] = new Pair(1.70027110146766,15.269732851648518);
this.slot[1][0][2] = new Pair(1.0883167743524007,15.116881874124852);
this.slot[1][0][3] = new Pair(1.274685422794724,0.0);
this.slot[1][0][4] = new Pair(0.39862317842634465,-9.127456679029194);
this.slot[1][0][5] = new Pair(2.2442864810934506,15.694650783135849);
this.slot[1][0][6] = new Pair(1.8949110471661719,15.845826806537119);
this.slot[1][0][7] = new Pair(0.0,0.0);
this.slot[1][0][8] = new Pair(1.2355220636206827,27.531715548558594);
this.slot[1][1][0] = new Pair(2.451740627633563,0.42505547002385413);
this.slot[1][1][1] = new Pair(0.7111942644325626,5.3933202901833415);
this.slot[1][1][2] = new Pair(1.5951415878674424,10.741030439963398);
this.slot[1][1][3] = new Pair(2.8202754165095953,7.629995263961135);
this.slot[1][1][4] = new Pair(0.5337472475459694,5.296247185599668);
this.slot[1][1][5] = new Pair(2.144207854312611,7.184721988764824);
this.slot[1][1][6] = new Pair(0.6805839569897533,12.414213347339711);
this.slot[1][1][7] = new Pair(0.8222421119884412,13.874879953990467);
this.slot[1][1][8] = new Pair(3.0,21.828974958596422);

