this.slot[0][0][0] = new Pair(1.521306498933661,18.16002159258811);
this.slot[0][0][1] = new Pair(2.498696762851203,1.83267442790555);
this.slot[0][0][2] = new Pair(1.466223869737564,21.37972865625131);
this.slot[0][0][3] = new Pair(3.0,9.907103573734666);
this.slot[0][0][4] = new Pair(3.0,21.6848570041862);
this.slot[0][0][5] = new Pair(1.5917512059001133,0.22832490662915828);
this.slot[0][0][6] = new Pair(0.23056940834496464,2.5295774086332554);
this.slot[0][0][7] = new Pair(0.0,0.0);
this.slot[0][0][8] = new Pair(0.3168419695132785,0.30516347058692617);
this.slot[0][1][0] = new Pair(1.013950929803649,0.0);
this.slot[0][1][1] = new Pair(2.3650313118478077,28.26705848850294);
this.slot[0][1][2] = new Pair(0.3469664685978311,14.710242140797952);
this.slot[0][1][3] = new Pair(1.5858422772950345,0.0);
this.slot[0][1][4] = new Pair(1.2763267789663542,0.0);
this.slot[0][1][5] = new Pair(0.7308466517046123,-0.5912594111867762);
this.slot[0][1][6] = new Pair(0.9311910147419915,27.944737049840626);
this.slot[0][1][7] = new Pair(0.734726548365253,0.05755755750233926);
this.slot[0][1][8] = new Pair(2.320188842253892,2.5956045254400615);
this.slot[1][0][0] = new Pair(2.296550786641737,18.551573736772912);
this.slot[1][0][1] = new Pair(2.5025091459842037,7.017064355464828);
this.slot[1][0][2] = new Pair(0.4413306140744715,18.523545565515285);
this.slot[1][0][3] = new Pair(1.18766521414962,0.0);
this.slot[1][0][4] = new Pair(0.34427140609126317,0.0);
this.slot[1][0][5] = new Pair(1.9114311075545325,15.91116651143602);
this.slot[1][0][6] = new Pair(1.1280484531786006,16.056328835700917);
this.slot[1][0][7] = new Pair(0.16170393917051262,0.0);
this.slot[1][0][8] = new Pair(1.6834816405547692,29.948196971688557);
this.slot[1][1][0] = new Pair(2.838360941993359,0.22353935593905472);
this.slot[1][1][1] = new Pair(0.839958402708318,4.918867547437781);
this.slot[1][1][2] = new Pair(1.3178251546366022,12.753498429419125);
this.slot[1][1][3] = new Pair(1.5379571427594874,-19.84106731669287);
this.slot[1][1][4] = new Pair(2.7836207308046967,-1.6324878370138727);
this.slot[1][1][5] = new Pair(2.6498400136907776,12.99292331291065);
this.slot[1][1][6] = new Pair(1.2638990869082036,11.302436257081446);
this.slot[1][1][7] = new Pair(0.44733402073174966,14.259563304812833);
this.slot[1][1][8] = new Pair(2.8361689411862443,21.49246032459405);

