this.slot[0][0][0] = new Pair(1.9864121838673126,7.881407790950384);
this.slot[0][0][1] = new Pair(2.6098965802898366,0.0);
this.slot[0][0][2] = new Pair(1.4704454491570442,20.727745946818224);
this.slot[0][0][3] = new Pair(2.8354954071980845,14.085147309906134);
this.slot[0][0][4] = new Pair(2.9736092613175753,22.078875225707435);
this.slot[0][0][5] = new Pair(1.9660884538858814,0.0);
this.slot[0][0][6] = new Pair(0.8022920671601702,0.0);
this.slot[0][0][7] = new Pair(3.0,25.0);
this.slot[0][0][8] = new Pair(0.2361784304232496,1.8884687541554466);
this.slot[0][1][0] = new Pair(2.96167479795658,-27.146157788475854);
this.slot[0][1][1] = new Pair(2.9573993779388656,4.596133536916128);
this.slot[0][1][2] = new Pair(0.0,22.771724023568304);
this.slot[0][1][3] = new Pair(2.102265933415044,19.17764908758617);
this.slot[0][1][4] = new Pair(1.3970252372087133,0.0);
this.slot[0][1][5] = new Pair(0.7308466517046123,-0.5912594111867762);
this.slot[0][1][6] = new Pair(0.8920611067990349,30.0);
this.slot[0][1][7] = new Pair(1.8370834355004222,2.1233923271565587);
this.slot[0][1][8] = new Pair(2.109948141094487,0.0);
this.slot[1][0][0] = new Pair(2.4693493126613273,19.27498996852892);
this.slot[1][0][1] = new Pair(2.0,15.0);
this.slot[1][0][2] = new Pair(2.0,15.0);
this.slot[1][0][3] = new Pair(1.8878925066763255,12.359327564485682);
this.slot[1][0][4] = new Pair(2.608280678760786,12.60227022573157);
this.slot[1][0][5] = new Pair(1.9557197015903252,17.401764878860558);
this.slot[1][0][6] = new Pair(1.8949110471661719,15.845826806537119);
this.slot[1][0][7] = new Pair(0.3998499972344408,-0.4539121675007607);
this.slot[1][0][8] = new Pair(1.2355220636206827,27.531715548558594);
this.slot[1][1][0] = new Pair(2.0680815887663053,25.642341334684332);
this.slot[1][1][1] = new Pair(1.8809935748575866,18.653160116888635);
this.slot[1][1][2] = new Pair(0.9898941450110598,29.72580127116168);
this.slot[1][1][3] = new Pair(1.5379571427594874,-19.84106731669287);
this.slot[1][1][4] = new Pair(2.7836207308046967,-1.6324878370138727);
this.slot[1][1][5] = new Pair(1.5420072480489266,12.317955191902024);
this.slot[1][1][6] = new Pair(0.30079990854497174,0.0);
this.slot[1][1][7] = new Pair(0.8723890434845435,16.348363762239437);
this.slot[1][1][8] = new Pair(2.910754861435184,21.602707931497207);

