this.slot[0][0][0] = new Pair(2.1490318524286374,0.0);
this.slot[0][0][1] = new Pair(2.2078760179241748,14.316880868645036);
this.slot[0][0][2] = new Pair(0.8612089997956439,0.4896947090053967);
this.slot[0][0][3] = new Pair(1.449432909142062,23.896965058348);
this.slot[0][0][4] = new Pair(0.5032790326684706,0.0);
this.slot[0][0][5] = new Pair(1.2518401823030318,-11.391735886842678);
this.slot[0][0][6] = new Pair(0.08654965298575112,1.7583945910487913);
this.slot[0][0][7] = new Pair(0.2753071571548492,1.2190220221405532);
this.slot[0][0][8] = new Pair(0.10561123566566566,0.0);
this.slot[0][1][0] = new Pair(1.548981456180229,-28.477541338353447);
this.slot[0][1][1] = new Pair(2.9599217250652226,7.52409444004892);
this.slot[0][1][2] = new Pair(1.7610873875090243,-23.886037421618678);
this.slot[0][1][3] = new Pair(1.6782282582837131,-25.29812311985075);
this.slot[0][1][4] = new Pair(0.05246666875568917,16.002285395932894);
this.slot[0][1][5] = new Pair(1.299474754145435,-10.996398760686969);
this.slot[0][1][6] = new Pair(2.635510595628932,2.119169371728809);
this.slot[0][1][7] = new Pair(1.031802526075143,-8.08051347334272);
this.slot[0][1][8] = new Pair(1.3524083396955482,5.284914468445271);
this.slot[1][0][0] = new Pair(2.9883642414268414,19.307966402036048);
this.slot[1][0][1] = new Pair(1.7164365752211344,5.481197230801565);
this.slot[1][0][2] = new Pair(2.0,15.0);
this.slot[1][0][3] = new Pair(1.6430899805393508,16.225538724721105);
this.slot[1][0][4] = new Pair(2.0,15.0);
this.slot[1][0][5] = new Pair(2.0,15.0);
this.slot[1][0][6] = new Pair(1.6542872305640264,15.446139677010073);
this.slot[1][0][7] = new Pair(0.3998499972344408,-0.4539121675007607);
this.slot[1][0][8] = new Pair(1.2355220636206827,27.531715548558594);
this.slot[1][1][0] = new Pair(1.845945885657815,0.0);
this.slot[1][1][1] = new Pair(0.839958402708318,4.918867547437781);
this.slot[1][1][2] = new Pair(0.3741544314432508,22.364544776785706);
this.slot[1][1][3] = new Pair(0.5686561656501278,-5.282595190959306);
this.slot[1][1][4] = new Pair(2.746347161417213,0.0);
this.slot[1][1][5] = new Pair(2.036476218516465,12.275339433198319);
this.slot[1][1][6] = new Pair(0.7704433363838756,-10.64435230922031);
this.slot[1][1][7] = new Pair(1.2823412225548965,13.714258887385963);
this.slot[1][1][8] = new Pair(3.0,22.264809758697087);

