this.slot[0][0][0] = new Pair(2.644792372209847,19.11807357149693);
this.slot[0][0][1] = new Pair(1.7771395817052005,13.102579061467026);
this.slot[0][0][2] = new Pair(1.7543705307713477,-0.8566524876302566);
this.slot[0][0][3] = new Pair(1.449432909142062,23.896965058348);
this.slot[0][0][4] = new Pair(1.00700423626253,-16.27033267328536);
this.slot[0][0][5] = new Pair(2.0418914238782735,0.0);
this.slot[0][0][6] = new Pair(0.08654965298575112,1.7583945910487913);
this.slot[0][0][7] = new Pair(0.2753071571548492,1.2190220221405532);
this.slot[0][0][8] = new Pair(0.3168419695132785,0.30516347058692617);
this.slot[0][1][0] = new Pair(1.548981456180229,-28.477541338353447);
this.slot[0][1][1] = new Pair(2.4113483531511113,7.6293485319130525);
this.slot[0][1][2] = new Pair(1.7610873875090243,-23.886037421618678);
this.slot[0][1][3] = new Pair(2.102265933415044,19.17764908758617);
this.slot[0][1][4] = new Pair(2.215415669819548,-6.993201154147869);
this.slot[0][1][5] = new Pair(0.6023296005145129,2.090219209868035);
this.slot[0][1][6] = new Pair(0.5873727556285528,29.32313368037724);
this.slot[0][1][7] = new Pair(1.031802526075143,-8.08051347334272);
this.slot[0][1][8] = new Pair(1.6095167514291102,1.4478274954475654);
this.slot[1][0][0] = new Pair(2.0,15.0);
this.slot[1][0][1] = new Pair(1.496235133989958,14.8644712243561);
this.slot[1][0][2] = new Pair(2.0,15.0);
this.slot[1][0][3] = new Pair(2.0,15.0);
this.slot[1][0][4] = new Pair(2.608280678760786,12.60227022573157);
this.slot[1][0][5] = new Pair(2.0,15.0);
this.slot[1][0][6] = new Pair(2.3170685131012987,15.146657183893762);
this.slot[1][0][7] = new Pair(0.3998499972344408,-0.4539121675007607);
this.slot[1][0][8] = new Pair(1.2355220636206827,27.531715548558594);
this.slot[1][1][0] = new Pair(0.9197656238707708,1.0287263027697235);
this.slot[1][1][1] = new Pair(0.5353777268971808,0.0);
this.slot[1][1][2] = new Pair(1.5263360939139807,12.429354276582323);
this.slot[1][1][3] = new Pair(2.8202754165095953,7.629995263961135);
this.slot[1][1][4] = new Pair(0.5337472475459694,5.296247185599668);
this.slot[1][1][5] = new Pair(2.4612669174489015,12.446019445370375);
this.slot[1][1][6] = new Pair(0.7704433363838756,-10.64435230922031);
this.slot[1][1][7] = new Pair(0.5319171702686963,11.946947687854198);
this.slot[1][1][8] = new Pair(2.827302179145341,22.21509207769052);

