this.slot[0][0][0] = new Pair(1.521306498933661,18.16002159258811);
this.slot[0][0][1] = new Pair(2.5702776389866333,0.0);
this.slot[0][0][2] = new Pair(0.9546282283664819,19.6232631210365);
this.slot[0][0][3] = new Pair(2.9213938276446823,15.880639559546998);
this.slot[0][0][4] = new Pair(1.00700423626253,-16.27033267328536);
this.slot[0][0][5] = new Pair(1.6683952929189514,-15.268867722413589);
this.slot[0][0][6] = new Pair(0.8925445526515583,-16.550723009613716);
this.slot[0][0][7] = new Pair(0.0,4.353686750230178);
this.slot[0][0][8] = new Pair(0.6638981604351784,0.0);
this.slot[0][1][0] = new Pair(2.1353729664377887,0.0);
this.slot[0][1][1] = new Pair(2.9599217250652226,7.52409444004892);
this.slot[0][1][2] = new Pair(1.8900520711342494,0.0);
this.slot[0][1][3] = new Pair(2.64335159489161,19.15439712495492);
this.slot[0][1][4] = new Pair(2.215415669819548,-6.993201154147869);
this.slot[0][1][5] = new Pair(1.3939386941962542,0.0);
this.slot[0][1][6] = new Pair(2.5152371753279334,1.3957919033608426);
this.slot[0][1][7] = new Pair(1.0186027129963229,0.0);
this.slot[0][1][8] = new Pair(1.0368929956572899,4.163318999660383);
this.slot[1][0][0] = new Pair(2.121539458393017,19.850225030960466);
this.slot[1][0][1] = new Pair(2.0408875127208668,12.876699553452536);
this.slot[1][0][2] = new Pair(2.0,15.0);
this.slot[1][0][3] = new Pair(2.0,15.0);
this.slot[1][0][4] = new Pair(2.3879335939632993,13.172486778509473);
this.slot[1][0][5] = new Pair(2.561481273190719,-19.330034945934678);
this.slot[1][0][6] = new Pair(0.4888762299064936,19.686293383029753);
this.slot[1][0][7] = new Pair(0.10952438440250445,0.0);
this.slot[1][0][8] = new Pair(1.2355220636206827,27.531715548558594);
this.slot[1][1][0] = new Pair(2.123601017165293,0.6174028629257711);
this.slot[1][1][1] = new Pair(0.839958402708318,4.918867547437781);
this.slot[1][1][2] = new Pair(1.5263360939139807,12.429354276582323);
this.slot[1][1][3] = new Pair(2.8202754165095953,7.629995263961135);
this.slot[1][1][4] = new Pair(0.340256503998705,6.741560164422307);
this.slot[1][1][5] = new Pair(2.144207854312611,7.184721988764824);
this.slot[1][1][6] = new Pair(1.586018547971118,10.437632221010208);
this.slot[1][1][7] = new Pair(0.5252084470142021,10.837097039879565);
this.slot[1][1][8] = new Pair(2.827302179145341,22.21509207769052);

