this.slot[0][0][0] = new Pair(2.4606452873836595,0.0);
this.slot[0][0][1] = new Pair(2.2078760179241748,14.316880868645036);
this.slot[0][0][2] = new Pair(0.9026278879935222,0.0);
this.slot[0][0][3] = new Pair(2.9213938276446823,15.880639559546998);
this.slot[0][0][4] = new Pair(0.8936281895120645,0.0);
this.slot[0][0][5] = new Pair(1.3547635000484766,0.0);
this.slot[0][0][6] = new Pair(0.6250513530661954,4.475184735459971);
this.slot[0][0][7] = new Pair(0.0,1.1487163291080589);
this.slot[0][0][8] = new Pair(0.3168419695132785,0.30516347058692617);
this.slot[0][1][0] = new Pair(0.5250346560202329,-18.91883348509233);
this.slot[0][1][1] = new Pair(2.3650313118478077,28.26705848850294);
this.slot[0][1][2] = new Pair(0.12008292921412922,17.837329899924566);
this.slot[0][1][3] = new Pair(2.1118970373513584,0.0);
this.slot[0][1][4] = new Pair(2.247285384059953,0.0);
this.slot[0][1][5] = new Pair(0.7308466517046123,-0.5912594111867762);
this.slot[0][1][6] = new Pair(1.0123306362250037,26.249007531054794);
this.slot[0][1][7] = new Pair(1.031802526075143,-8.08051347334272);
this.slot[0][1][8] = new Pair(2.320188842253892,2.5956045254400615);
this.slot[1][0][0] = new Pair(1.5719301065053175,-3.0532513431357273);
this.slot[1][0][1] = new Pair(2.2883229954715203,15.49407187041761);
this.slot[1][0][2] = new Pair(2.0,15.0);
this.slot[1][0][3] = new Pair(2.0,15.0);
this.slot[1][0][4] = new Pair(3.0,13.208102893924359);
this.slot[1][0][5] = new Pair(2.284980002237843,14.288002499081509);
this.slot[1][0][6] = new Pair(1.6425077459237478,15.422039495868992);
this.slot[1][0][7] = new Pair(0.7160635998067686,0.0);
this.slot[1][0][8] = new Pair(1.5229477270469731,27.522216352504927);
this.slot[1][1][0] = new Pair(1.9992440301042556,0.151261333740615);
this.slot[1][1][1] = new Pair(0.26094880882293436,4.059715988311056);
this.slot[1][1][2] = new Pair(0.9441294573623854,13.062420650856502);
this.slot[1][1][3] = new Pair(2.8202754165095953,7.629995263961135);
this.slot[1][1][4] = new Pair(2.7417499886566965,0.0);
this.slot[1][1][5] = new Pair(2.01182349996569,11.47916334701122);
this.slot[1][1][6] = new Pair(1.2638990869082036,11.302436257081446);
this.slot[1][1][7] = new Pair(0.44733402073174966,14.259563304812833);
this.slot[1][1][8] = new Pair(3.0,20.6949787934739);

