this.slot[0][0][0] = new Pair(1.9864121838673126,7.881407790950384);
this.slot[0][0][1] = new Pair(2.566970714540707,-27.75304661985721);
this.slot[0][0][2] = new Pair(0.9546282283664819,19.6232631210365);
this.slot[0][0][3] = new Pair(2.8354954071980845,14.085147309906134);
this.slot[0][0][4] = new Pair(2.9736092613175753,22.078875225707435);
this.slot[0][0][5] = new Pair(1.6683952929189514,-15.268867722413589);
this.slot[0][0][6] = new Pair(1.9365689787460445,0.0);
this.slot[0][0][7] = new Pair(1.747107741336631,-25.062721021266974);
this.slot[0][0][8] = new Pair(0.4366456720373827,17.176297398479036);
this.slot[0][1][0] = new Pair(1.548981456180229,-28.477541338353447);
this.slot[0][1][1] = new Pair(2.4113483531511113,7.6293485319130525);
this.slot[0][1][2] = new Pair(2.4023001062852796,0.1884603411197583);
this.slot[0][1][3] = new Pair(1.4336707022557857,17.979258019356106);
this.slot[0][1][4] = new Pair(2.454326587546555,0.0);
this.slot[0][1][5] = new Pair(0.7308466517046123,-0.5912594111867762);
this.slot[0][1][6] = new Pair(0.683219692696462,29.69553220490856);
this.slot[0][1][7] = new Pair(1.031802526075143,-8.08051347334272);
this.slot[0][1][8] = new Pair(1.3002573295487942,3.0124048303004614);
this.slot[1][0][0] = new Pair(1.7925271618405172,-18.651505193374472);
this.slot[1][0][1] = new Pair(2.1814392094649704,25.84106815636408);
this.slot[1][0][2] = new Pair(0.6191292929482645,29.240571443074877);
this.slot[1][0][3] = new Pair(0.48086575552971345,-29.837731352110286);
this.slot[1][0][4] = new Pair(1.1512638196014515,0.0);
this.slot[1][0][5] = new Pair(2.561481273190719,-19.330034945934678);
this.slot[1][0][6] = new Pair(1.7008778847643358,-25.137666278622646);
this.slot[1][0][7] = new Pair(0.3998499972344408,-0.4539121675007607);
this.slot[1][0][8] = new Pair(1.2355220636206827,27.531715548558594);
this.slot[1][1][0] = new Pair(2.2782951275820618,-4.93316413019334);
this.slot[1][1][1] = new Pair(1.500194418302561,5.608890117656095);
this.slot[1][1][2] = new Pair(0.3218365110481194,22.742784193556606);
this.slot[1][1][3] = new Pair(0.5374263033549512,0.0);
this.slot[1][1][4] = new Pair(2.0,20.0);
this.slot[1][1][5] = new Pair(2.4612669174489015,12.446019445370375);
this.slot[1][1][6] = new Pair(1.0246497749221801,0.0);
this.slot[1][1][7] = new Pair(0.5319171702686963,11.946947687854198);
this.slot[1][1][8] = new Pair(2.827302179145341,22.21509207769052);

