this.slot[0][0][0] = new Pair(1.521306498933661,18.16002159258811);
this.slot[0][0][1] = new Pair(1.0344715888309737,9.308796456749803);
this.slot[0][0][2] = new Pair(2.2299244569821948,-21.3926892231545);
this.slot[0][0][3] = new Pair(0.407556368509549,-15.986038448163988);
this.slot[0][0][4] = new Pair(1.9141520157267045,-14.632952648727532);
this.slot[0][0][5] = new Pair(0.10993272009986954,-28.46979550544471);
this.slot[0][0][6] = new Pair(1.5706591855721062,-19.12814996922546);
this.slot[0][0][7] = new Pair(1.4423809299272685,-2.0896297565202957);
this.slot[0][0][8] = new Pair(2.6757589188887074,10.38938852464976);
this.slot[0][1][0] = new Pair(2.0,15.0);
this.slot[0][1][1] = new Pair(2.0,15.0);
this.slot[0][1][2] = new Pair(1.6377524140908635,14.233471130485645);
this.slot[0][1][3] = new Pair(2.0,15.0);
this.slot[0][1][4] = new Pair(2.0,15.0);
this.slot[0][1][5] = new Pair(2.0,15.0);
this.slot[0][1][6] = new Pair(2.0,15.0);
this.slot[0][1][7] = new Pair(2.0,15.0);
this.slot[0][1][8] = new Pair(2.0,15.0);
this.slot[1][0][0] = new Pair(2.0298448747573463,15.371745159979698);
this.slot[1][0][1] = new Pair(2.0,15.0);
this.slot[1][0][2] = new Pair(2.0,15.0);
this.slot[1][0][3] = new Pair(2.0,15.0);
this.slot[1][0][4] = new Pair(2.0,15.0);
this.slot[1][0][5] = new Pair(2.0,15.0);
this.slot[1][0][6] = new Pair(2.0,15.0);
this.slot[1][0][7] = new Pair(2.3516391497756706,14.682535658321537);
this.slot[1][0][8] = new Pair(2.0,15.0);
this.slot[1][1][0] = new Pair(1.9128396825532459,4.278224727397067);
this.slot[1][1][1] = new Pair(3.0,14.430943075135783);
this.slot[1][1][2] = new Pair(1.7087077376173732,12.542281515513565);
this.slot[1][1][3] = new Pair(2.320995215747298,16.64258537477368);
this.slot[1][1][4] = new Pair(0.9807581846186844,30.062761631143054);
this.slot[1][1][5] = new Pair(1.509018588421364,27.420232802886943);
this.slot[1][1][6] = new Pair(1.934481595275253,2.3702364457555234);
this.slot[1][1][7] = new Pair(2.129537602720686,-25.327673891530917);
this.slot[1][1][8] = new Pair(2.0,15.0);

