this.slot[0][0][0] = new Pair(2.8824368899813817,-10.734016649735192);
this.slot[0][0][1] = new Pair(1.8719195611287898,14.933031750207245);
this.slot[0][0][2] = new Pair(1.7543705307713477,-0.8566524876302566);
this.slot[0][0][3] = new Pair(1.449432909142062,23.896965058348);
this.slot[0][0][4] = new Pair(1.00700423626253,-16.27033267328536);
this.slot[0][0][5] = new Pair(1.2518401823030318,-11.391735886842678);
this.slot[0][0][6] = new Pair(0.08654965298575112,1.7583945910487913);
this.slot[0][0][7] = new Pair(0.2753071571548492,1.2190220221405532);
this.slot[0][0][8] = new Pair(0.0,0.0);
this.slot[0][1][0] = new Pair(1.548981456180229,-28.477541338353447);
this.slot[0][1][1] = new Pair(2.4113483531511113,7.6293485319130525);
this.slot[0][1][2] = new Pair(1.7610873875090243,-23.886037421618678);
this.slot[0][1][3] = new Pair(2.102265933415044,19.17764908758617);
this.slot[0][1][4] = new Pair(0.6234823740123342,15.093926052866394);
this.slot[0][1][5] = new Pair(1.299474754145435,-10.996398760686969);
this.slot[0][1][6] = new Pair(2.635510595628932,2.119169371728809);
this.slot[0][1][7] = new Pair(2.129210561831181,12.406975310169273);
this.slot[0][1][8] = new Pair(0.8693983273506323,20.861982810019782);
this.slot[1][0][0] = new Pair(2.27245489344635,18.69218694838215);
this.slot[1][0][1] = new Pair(1.568252390312085,5.200446123823035);
this.slot[1][0][2] = new Pair(0.25104532482282615,-3.5281538750409815);
this.slot[1][0][3] = new Pair(0.35894658960016645,-10.19367194969469);
this.slot[1][0][4] = new Pair(0.39862317842634465,-9.127456679029194);
this.slot[1][0][5] = new Pair(2.9380203625774803,-11.135239936669073);
this.slot[1][0][6] = new Pair(0.11861421383289805,17.949769226469385);
this.slot[1][0][7] = new Pair(0.3470115541585874,-3.2056756499276986);
this.slot[1][0][8] = new Pair(1.9158585353866673,27.72484105571378);
this.slot[1][1][0] = new Pair(1.3469240947436545,-7.698765538795385);
this.slot[1][1][1] = new Pair(0.44404442381799913,-14.37130450437127);
this.slot[1][1][2] = new Pair(1.5263360939139807,12.429354276582323);
this.slot[1][1][3] = new Pair(2.8202754165095953,7.629995263961135);
this.slot[1][1][4] = new Pair(0.5337472475459694,5.296247185599668);
this.slot[1][1][5] = new Pair(1.4232678157525134,5.78993597145319);
this.slot[1][1][6] = new Pair(1.2638990869082036,11.302436257081446);
this.slot[1][1][7] = new Pair(2.9505325957919424,14.846281898952533);
this.slot[1][1][8] = new Pair(2.486117260897002,18.806626161767923);

