this.slot[0][0][0] = new Pair(2.1490318524286374,0.0);
this.slot[0][0][1] = new Pair(2.3027995931161174,14.794920167114888);
this.slot[0][0][2] = new Pair(1.4398940152840431,0.0);
this.slot[0][0][3] = new Pair(0.7986996976634868,23.948245169644906);
this.slot[0][0][4] = new Pair(0.5032790326684706,0.0);
this.slot[0][0][5] = new Pair(1.2518401823030318,-11.391735886842678);
this.slot[0][0][6] = new Pair(0.08654965298575112,1.7583945910487913);
this.slot[0][0][7] = new Pair(0.0,0.0);
this.slot[0][0][8] = new Pair(0.3168419695132785,0.30516347058692617);
this.slot[0][1][0] = new Pair(1.548981456180229,-28.477541338353447);
this.slot[0][1][1] = new Pair(2.9988656484323464,7.240629165652609);
this.slot[0][1][2] = new Pair(1.7610873875090243,-23.886037421618678);
this.slot[0][1][3] = new Pair(2.102265933415044,19.17764908758617);
this.slot[0][1][4] = new Pair(2.787373659153457,0.0);
this.slot[0][1][5] = new Pair(0.7308466517046123,-0.5912594111867762);
this.slot[0][1][6] = new Pair(1.1889443277051899,28.415660836169096);
this.slot[0][1][7] = new Pair(1.031802526075143,-8.08051347334272);
this.slot[0][1][8] = new Pair(1.6095167514291102,1.4478274954475654);
this.slot[1][0][0] = new Pair(2.5199566655536407,19.51922013665615);
this.slot[1][0][1] = new Pair(1.568252390312085,5.200446123823035);
this.slot[1][0][2] = new Pair(0.25104532482282615,-3.5281538750409815);
this.slot[1][0][3] = new Pair(0.35894658960016645,-10.19367194969469);
this.slot[1][0][4] = new Pair(0.2347522988197811,0.0);
this.slot[1][0][5] = new Pair(3.0,0.0);
this.slot[1][0][6] = new Pair(1.7008778847643358,-25.137666278622646);
this.slot[1][0][7] = new Pair(0.3998499972344408,-0.4539121675007607);
this.slot[1][0][8] = new Pair(0.45638253856359867,26.511951333626744);
this.slot[1][1][0] = new Pair(2.2264905901085363,0.0);
this.slot[1][1][1] = new Pair(0.839958402708318,4.918867547437781);
this.slot[1][1][2] = new Pair(0.3741544314432508,22.364544776785706);
this.slot[1][1][3] = new Pair(0.5686561656501278,-5.282595190959306);
this.slot[1][1][4] = new Pair(2.746347161417213,0.0);
this.slot[1][1][5] = new Pair(2.4612669174489015,12.446019445370375);
this.slot[1][1][6] = new Pair(0.7704433363838756,-10.64435230922031);
this.slot[1][1][7] = new Pair(0.0,11.599780157313766);
this.slot[1][1][8] = new Pair(2.827302179145341,22.21509207769052);

