this.slot[0][0][0] = new Pair(1.3313537726078755,16.782180018345358);
this.slot[0][0][1] = new Pair(1.770355005142145,10.28133724831035);
this.slot[0][0][2] = new Pair(2.7141425563872073,18.835957313828743);
this.slot[0][0][3] = new Pair(1.5057666741509583,7.234688480128959);
this.slot[0][0][4] = new Pair(0.06106201740421913,-12.10122114647426);
this.slot[0][0][5] = new Pair(1.231844421235511,18.53703228865266);
this.slot[0][0][6] = new Pair(2.4259042664358574,-15.4035499818791);
this.slot[0][0][7] = new Pair(0.6025102553551588,-26.324286753925886);
this.slot[0][0][8] = new Pair(2.401354848490039,-26.302167460466194);
this.slot[0][1][0] = new Pair(2.3466409613508463,5.890917104356184);
this.slot[0][1][1] = new Pair(2.6284730835541708,-21.891369120743665);
this.slot[0][1][2] = new Pair(2.0104652045505578,-12.80671308298427);
this.slot[0][1][3] = new Pair(0.2792163700599486,-12.058188596190881);
this.slot[0][1][4] = new Pair(2.0555778085836067,-5.017645337822891);
this.slot[0][1][5] = new Pair(1.4075132569984028,-26.72293057107219);
this.slot[0][1][6] = new Pair(0.2883894816428434,-17.754430158075266);
this.slot[0][1][7] = new Pair(1.7142877267916716,-22.628211135880008);
this.slot[0][1][8] = new Pair(1.766630575736239,2.0660588628066208);
this.slot[1][0][0] = new Pair(0.20400188345787473,-19.905548022755475);
this.slot[1][0][1] = new Pair(0.6571746277843782,3.1685369326324704);
this.slot[1][0][2] = new Pair(2.488516860369521,2.464693918143155);
this.slot[1][0][3] = new Pair(2.6045019203180626,-10.631301196543681);
this.slot[1][0][4] = new Pair(2.4357936173292116,-12.95499361610175);
this.slot[1][0][5] = new Pair(0.7657230791655225,-8.999414642489679);
this.slot[1][0][6] = new Pair(1.318743348112276,-16.082673582435483);
this.slot[1][0][7] = new Pair(1.197573387754534,0.7736086779039688);
this.slot[1][0][8] = new Pair(2.645252218873426,0.03457835791917485);
this.slot[1][1][0] = new Pair(1.4913340303760259,11.061512931179557);
this.slot[1][1][1] = new Pair(2.4176045215262825,-28.268417645698804);
this.slot[1][1][2] = new Pair(2.5595845309313043,-27.766489492781844);
this.slot[1][1][3] = new Pair(1.4106195804678126,-29.07348826934069);
this.slot[1][1][4] = new Pair(2.15131451377556,-12.142510732755962);
this.slot[1][1][5] = new Pair(2.810506116271563,-28.55937509325539);
this.slot[1][1][6] = new Pair(1.4497743854516636,-24.64673230189082);
this.slot[1][1][7] = new Pair(0.32427592162876273,0.0);
this.slot[1][1][8] = new Pair(1.2377732805372035,10.157979148370401);

