this.slot[0][0][0] = new Pair(1.9864121838673126,7.881407790950384);
this.slot[0][0][1] = new Pair(2.6098965802898366,0.0);
this.slot[0][0][2] = new Pair(1.4704454491570442,20.727745946818224);
this.slot[0][0][3] = new Pair(2.555786461255854,9.862794105329476);
this.slot[0][0][4] = new Pair(3.0,21.6848570041862);
this.slot[0][0][5] = new Pair(1.5917512059001133,0.22832490662915828);
this.slot[0][0][6] = new Pair(0.13472628978497836,1.3676206359670486);
this.slot[0][0][7] = new Pair(0.0,0.0);
this.slot[0][0][8] = new Pair(0.3168419695132785,0.30516347058692617);
this.slot[0][1][0] = new Pair(0.5250346560202329,-18.91883348509233);
this.slot[0][1][1] = new Pair(2.782455499594037,29.36533823706584);
this.slot[0][1][2] = new Pair(0.3469664685978311,14.710242140797952);
this.slot[0][1][3] = new Pair(1.0589481286970188,-20.18384948862556);
this.slot[0][1][4] = new Pair(1.2005921002095792,0.2109708636700378);
this.slot[0][1][5] = new Pair(0.7308466517046123,-0.5912594111867762);
this.slot[0][1][6] = new Pair(1.194034535534445,27.94507857619386);
this.slot[0][1][7] = new Pair(1.122172815531993,0.0);
this.slot[0][1][8] = new Pair(1.6095167514291102,1.4478274954475654);
this.slot[1][0][0] = new Pair(2.121539458393017,19.850225030960466);
this.slot[1][0][1] = new Pair(2.0,15.0);
this.slot[1][0][2] = new Pair(2.0,15.0);
this.slot[1][0][3] = new Pair(2.0,15.0);
this.slot[1][0][4] = new Pair(2.608280678760786,12.60227022573157);
this.slot[1][0][5] = new Pair(2.0,15.0);
this.slot[1][0][6] = new Pair(1.1340130395108807,18.033366962118983);
this.slot[1][0][7] = new Pair(0.3998499972344408,-0.4539121675007607);
this.slot[1][0][8] = new Pair(1.2355220636206827,27.531715548558594);
this.slot[1][1][0] = new Pair(2.2782951275820618,-4.93316413019334);
this.slot[1][1][1] = new Pair(0.839958402708318,4.918867547437781);
this.slot[1][1][2] = new Pair(1.5951415878674424,10.741030439963398);
this.slot[1][1][3] = new Pair(2.8202754165095953,7.629995263961135);
this.slot[1][1][4] = new Pair(0.5337472475459694,5.296247185599668);
this.slot[1][1][5] = new Pair(2.144207854312611,7.184721988764824);
this.slot[1][1][6] = new Pair(1.2638990869082036,11.302436257081446);
this.slot[1][1][7] = new Pair(0.9779406632183725,12.273874923221808);
this.slot[1][1][8] = new Pair(3.0,21.828974958596422);

