this.slot[0][0][0] = new Pair(1.9864121838673126,7.881407790950384);
this.slot[0][0][1] = new Pair(2.566970714540707,-27.75304661985721);
this.slot[0][0][2] = new Pair(1.4704454491570442,20.727745946818224);
this.slot[0][0][3] = new Pair(2.7695633602626755,11.291167122671393);
this.slot[0][0][4] = new Pair(2.9736092613175753,22.078875225707435);
this.slot[0][0][5] = new Pair(1.5917512059001133,0.22832490662915828);
this.slot[0][0][6] = new Pair(1.1501133457003145,0.0);
this.slot[0][0][7] = new Pair(2.4105812355136336,25.80195715774396);
this.slot[0][0][8] = new Pair(0.0,1.1300819035204535);
this.slot[0][1][0] = new Pair(1.1952412307309672,0.0);
this.slot[0][1][1] = new Pair(3.0,20.459931535734484);
this.slot[0][1][2] = new Pair(1.7610873875090243,-23.886037421618678);
this.slot[0][1][3] = new Pair(1.8479512534003497,21.942355091822154);
this.slot[0][1][4] = new Pair(2.5679404232095826,0.0);
this.slot[0][1][5] = new Pair(0.14321034106400532,1.1863323941246557);
this.slot[0][1][6] = new Pair(0.6053158249376795,29.125902287392208);
this.slot[0][1][7] = new Pair(1.031802526075143,-8.08051347334272);
this.slot[0][1][8] = new Pair(1.9751376232602864,2.1788548470823406);
this.slot[1][0][0] = new Pair(2.9883642414268414,19.307966402036048);
this.slot[1][0][1] = new Pair(1.2059219187719847,7.996753756465654);
this.slot[1][0][2] = new Pair(2.0,15.0);
this.slot[1][0][3] = new Pair(1.5702041806416935,14.933242138462084);
this.slot[1][0][4] = new Pair(2.608280678760786,12.60227022573157);
this.slot[1][0][5] = new Pair(2.051993019686942,15.232557074309074);
this.slot[1][0][6] = new Pair(1.8949110471661719,15.845826806537119);
this.slot[1][0][7] = new Pair(0.3998499972344408,-0.4539121675007607);
this.slot[1][0][8] = new Pair(1.1960167263061758,26.26271149856199);
this.slot[1][1][0] = new Pair(2.925693354227154,25.18770029644721);
this.slot[1][1][1] = new Pair(3.0,25.776583862268787);
this.slot[1][1][2] = new Pair(2.7911703472786713,25.22425780711593);
this.slot[1][1][3] = new Pair(1.5379571427594874,-19.84106731669287);
this.slot[1][1][4] = new Pair(2.7836207308046967,-1.6324878370138727);
this.slot[1][1][5] = new Pair(2.4612669174489015,12.446019445370375);
this.slot[1][1][6] = new Pair(0.11002642456473943,0.0);
this.slot[1][1][7] = new Pair(0.5319171702686963,11.946947687854198);
this.slot[1][1][8] = new Pair(2.827302179145341,22.21509207769052);

