this.slot[0][0][0] = new Pair(2.4606452873836595,0.0);
this.slot[0][0][1] = new Pair(1.5079307238242643,13.779381470333323);
this.slot[0][0][2] = new Pair(1.7543705307713477,-0.8566524876302566);
this.slot[0][0][3] = new Pair(1.9439988519686575,26.120345207049674);
this.slot[0][0][4] = new Pair(1.70902173998515,0.8993147358889851);
this.slot[0][0][5] = new Pair(1.1746387183958942,0.0);
this.slot[0][0][6] = new Pair(0.08654965298575112,1.7583945910487913);
this.slot[0][0][7] = new Pair(0.0,2.6137023526059795);
this.slot[0][0][8] = new Pair(0.6638981604351784,0.0);
this.slot[0][1][0] = new Pair(1.1952412307309672,0.0);
this.slot[0][1][1] = new Pair(2.9599217250652226,7.52409444004892);
this.slot[0][1][2] = new Pair(1.7736450616698451,0.0);
this.slot[0][1][3] = new Pair(2.1711496563399963,20.378714811788004);
this.slot[0][1][4] = new Pair(1.746361329890603,0.2723837537647922);
this.slot[0][1][5] = new Pair(0.3106954705433158,0.0);
this.slot[0][1][6] = new Pair(1.192611796680548,29.44146053994972);
this.slot[0][1][7] = new Pair(0.14670407928186102,1.2806922940615775);
this.slot[0][1][8] = new Pair(1.6095167514291102,1.4478274954475654);
this.slot[1][0][0] = new Pair(2.296550786641737,18.551573736772912);
this.slot[1][0][1] = new Pair(2.5025091459842037,7.017064355464828);
this.slot[1][0][2] = new Pair(0.29905427621770386,17.286485605238635);
this.slot[1][0][3] = new Pair(0.35894658960016645,-10.19367194969469);
this.slot[1][0][4] = new Pair(2.608280678760786,12.60227022573157);
this.slot[1][0][5] = new Pair(2.051993019686942,15.232557074309074);
this.slot[1][0][6] = new Pair(1.1280484531786006,16.056328835700917);
this.slot[1][0][7] = new Pair(0.6284416115888065,2.5041366647963597);
this.slot[1][0][8] = new Pair(1.2355220636206827,27.531715548558594);
this.slot[1][1][0] = new Pair(2.2782951275820618,-4.93316413019334);
this.slot[1][1][1] = new Pair(0.839958402708318,4.918867547437781);
this.slot[1][1][2] = new Pair(1.5263360939139807,12.429354276582323);
this.slot[1][1][3] = new Pair(2.9572731348492924,6.755751177530449);
this.slot[1][1][4] = new Pair(2.7836207308046967,-1.6324878370138727);
this.slot[1][1][5] = new Pair(1.6457066374068594,10.850799658187665);
this.slot[1][1][6] = new Pair(2.315790740763281,12.80761613890049);
this.slot[1][1][7] = new Pair(1.4237620597834133,15.474752617107457);
this.slot[1][1][8] = new Pair(3.0,21.828974958596422);

