this.slot[0][0][0] = new Pair(1.521306498933661,18.16002159258811);
this.slot[0][0][1] = new Pair(2.5702776389866333,0.0);
this.slot[0][0][2] = new Pair(0.9546282283664819,19.6232631210365);
this.slot[0][0][3] = new Pair(2.9213938276446823,15.880639559546998);
this.slot[0][0][4] = new Pair(3.0,23.562404389777335);
this.slot[0][0][5] = new Pair(2.0418914238782735,0.0);
this.slot[0][0][6] = new Pair(0.08654965298575112,1.7583945910487913);
this.slot[0][0][7] = new Pair(0.2753071571548492,1.2190220221405532);
this.slot[0][0][8] = new Pair(0.3168419695132785,0.30516347058692617);
this.slot[0][1][0] = new Pair(1.548981456180229,-28.477541338353447);
this.slot[0][1][1] = new Pair(2.9599217250652226,7.52409444004892);
this.slot[0][1][2] = new Pair(1.7610873875090243,-23.886037421618678);
this.slot[0][1][3] = new Pair(2.6954948342287994,18.335922275236584);
this.slot[0][1][4] = new Pair(2.9620112694286993,0.4305443137461099);
this.slot[0][1][5] = new Pair(0.6023296005145129,2.090219209868035);
this.slot[0][1][6] = new Pair(0.5873727556285528,29.32313368037724);
this.slot[0][1][7] = new Pair(1.031802526075143,-8.08051347334272);
this.slot[0][1][8] = new Pair(1.4577515530509049,2.4286766991361937);
this.slot[1][0][0] = new Pair(2.2761506363138575,20.59013822955822);
this.slot[1][0][1] = new Pair(1.568252390312085,5.200446123823035);
this.slot[1][0][2] = new Pair(0.25104532482282615,-3.5281538750409815);
this.slot[1][0][3] = new Pair(0.6830830759212418,0.0);
this.slot[1][0][4] = new Pair(0.16987759385204448,0.0);
this.slot[1][0][5] = new Pair(2.561481273190719,-19.330034945934678);
this.slot[1][0][6] = new Pair(2.3170685131012987,15.146657183893762);
this.slot[1][0][7] = new Pair(0.3998499972344408,-0.4539121675007607);
this.slot[1][0][8] = new Pair(1.2355220636206827,27.531715548558594);
this.slot[1][1][0] = new Pair(2.451740627633563,0.42505547002385413);
this.slot[1][1][1] = new Pair(0.24372513070645452,9.554494225788979);
this.slot[1][1][2] = new Pair(1.5970752892126023,10.801846015521946);
this.slot[1][1][3] = new Pair(1.5379571427594874,-19.84106731669287);
this.slot[1][1][4] = new Pair(2.7836207308046967,-1.6324878370138727);
this.slot[1][1][5] = new Pair(2.4612669174489015,12.446019445370375);
this.slot[1][1][6] = new Pair(0.7704433363838756,-10.64435230922031);
this.slot[1][1][7] = new Pair(0.5252084470142021,10.837097039879565);
this.slot[1][1][8] = new Pair(2.9999733201775847,23.17822516706539);

