this.slot[0][0][0] = new Pair(1.521306498933661,18.16002159258811);
this.slot[0][0][1] = new Pair(2.498696762851203,1.83267442790555);
this.slot[0][0][2] = new Pair(1.466223869737564,21.37972865625131);
this.slot[0][0][3] = new Pair(3.0,9.907103573734666);
this.slot[0][0][4] = new Pair(3.0,21.6848570041862);
this.slot[0][0][5] = new Pair(1.5917512059001133,0.22832490662915828);
this.slot[0][0][6] = new Pair(0.4970910896161659,2.452428524204499);
this.slot[0][0][7] = new Pair(0.0,0.0);
this.slot[0][0][8] = new Pair(0.15912497843312912,1.3900831486944258);
this.slot[0][1][0] = new Pair(0.5250346560202329,-18.91883348509233);
this.slot[0][1][1] = new Pair(2.938490789444859,28.218542487630106);
this.slot[0][1][2] = new Pair(0.3469664685978311,14.710242140797952);
this.slot[0][1][3] = new Pair(1.0589481286970188,-20.18384948862556);
this.slot[0][1][4] = new Pair(1.0510125515952842,0.0);
this.slot[0][1][5] = new Pair(0.7308466517046123,-0.5912594111867762);
this.slot[0][1][6] = new Pair(1.3113867652926912,27.115161403814852);
this.slot[0][1][7] = new Pair(1.122172815531993,0.0);
this.slot[0][1][8] = new Pair(2.320188842253892,2.5956045254400615);
this.slot[1][0][0] = new Pair(2.27245489344635,18.69218694838215);
this.slot[1][0][1] = new Pair(2.159190122514574,3.119077465143439);
this.slot[1][0][2] = new Pair(0.5308827363216692,0.0);
this.slot[1][0][3] = new Pair(0.3365888124965982,0.0);
this.slot[1][0][4] = new Pair(0.39862317842634465,-9.127456679029194);
this.slot[1][0][5] = new Pair(1.9129154633348469,16.646146515261798);
this.slot[1][0][6] = new Pair(1.1280484531786006,16.056328835700917);
this.slot[1][0][7] = new Pair(0.8555973205854731,0.0);
this.slot[1][0][8] = new Pair(1.2355220636206827,27.531715548558594);
this.slot[1][1][0] = new Pair(2.2782951275820618,-4.93316413019334);
this.slot[1][1][1] = new Pair(0.7111942644325626,5.3933202901833415);
this.slot[1][1][2] = new Pair(1.7853189243161822,11.880904878125467);
this.slot[1][1][3] = new Pair(3.0,5.4550866973035035);
this.slot[1][1][4] = new Pair(0.9467550235854099,4.769859917513116);
this.slot[1][1][5] = new Pair(2.144207854312611,7.184721988764824);
this.slot[1][1][6] = new Pair(1.2638990869082036,11.302436257081446);
this.slot[1][1][7] = new Pair(0.0,12.769874171371555);
this.slot[1][1][8] = new Pair(2.951795580319015,21.909545235596877);

