this.slot[0][0][0] = new Pair(2.644792372209847,19.11807357149693);
this.slot[0][0][1] = new Pair(1.7771395817052005,13.102579061467026);
this.slot[0][0][2] = new Pair(2.0573609521318117,23.944216504243332);
this.slot[0][0][3] = new Pair(0.16834681599090384,8.518542661019673);
this.slot[0][0][4] = new Pair(2.4338578589743634,30.300265649993648);
this.slot[0][0][5] = new Pair(1.8079409117707914,0.0);
this.slot[0][0][6] = new Pair(0.9732950283143718,19.274464504826);
this.slot[0][0][7] = new Pair(2.792607197112604,0.0);
this.slot[0][0][8] = new Pair(0.4366456720373827,17.176297398479036);
this.slot[0][1][0] = new Pair(0.27644886384401823,28.93112155108652);
this.slot[0][1][1] = new Pair(3.0,20.459931535734484);
this.slot[0][1][2] = new Pair(0.6787105988986251,21.222903415525302);
this.slot[0][1][3] = new Pair(2.102265933415044,19.17764908758617);
this.slot[0][1][4] = new Pair(2.215415669819548,-6.993201154147869);
this.slot[0][1][5] = new Pair(0.7308466517046123,-0.5912594111867762);
this.slot[0][1][6] = new Pair(0.5873727556285528,29.32313368037724);
this.slot[0][1][7] = new Pair(1.031802526075143,-8.08051347334272);
this.slot[0][1][8] = new Pair(1.3002573295487942,3.0124048303004614);
this.slot[1][0][0] = new Pair(1.7925271618405172,-18.651505193374472);
this.slot[1][0][1] = new Pair(2.1814392094649704,25.84106815636408);
this.slot[1][0][2] = new Pair(0.23871511646221988,27.41615182575148);
this.slot[1][0][3] = new Pair(0.48086575552971345,-29.837731352110286);
this.slot[1][0][4] = new Pair(0.5813512671134858,-7.187016149451221);
this.slot[1][0][5] = new Pair(0.8126445000162291,7.380037087531107);
this.slot[1][0][6] = new Pair(1.7952748444933746,0.0);
this.slot[1][0][7] = new Pair(0.3998499972344408,-0.4539121675007607);
this.slot[1][0][8] = new Pair(1.472269515303894,24.810582582900505);
this.slot[1][1][0] = new Pair(2.443571498885883,0.0);
this.slot[1][1][1] = new Pair(1.500194418302561,5.608890117656095);
this.slot[1][1][2] = new Pair(0.3557305484893012,23.943839323569538);
this.slot[1][1][3] = new Pair(0.5686561656501278,-5.282595190959306);
this.slot[1][1][4] = new Pair(0.5337472475459694,5.296247185599668);
this.slot[1][1][5] = new Pair(2.4612669174489015,12.446019445370375);
this.slot[1][1][6] = new Pair(0.7704433363838756,-10.64435230922031);
this.slot[1][1][7] = new Pair(0.5319171702686963,11.946947687854198);
this.slot[1][1][8] = new Pair(2.827302179145341,22.21509207769052);

