this.slot[0][0][0] = new Pair(2.4648285679699486,0.0);
this.slot[0][0][1] = new Pair(2.2078760179241748,14.316880868645036);
this.slot[0][0][2] = new Pair(1.5256823666827342,0.0);
this.slot[0][0][3] = new Pair(1.9439988519686575,26.120345207049674);
this.slot[0][0][4] = new Pair(3.0,21.6848570041862);
this.slot[0][0][5] = new Pair(1.5668675139641275,0.0);
this.slot[0][0][6] = new Pair(0.17504201289525045,0.20084390534528307);
this.slot[0][0][7] = new Pair(0.0,0.0);
this.slot[0][0][8] = new Pair(0.14818179206917526,1.9027104642470776);
this.slot[0][1][0] = new Pair(0.5250346560202329,-18.91883348509233);
this.slot[0][1][1] = new Pair(2.8326823108838455,30.0);
this.slot[0][1][2] = new Pair(0.0,12.309855194772455);
this.slot[0][1][3] = new Pair(1.126694128242217,0.0);
this.slot[0][1][4] = new Pair(2.3317597341041334,0.0);
this.slot[0][1][5] = new Pair(0.0,0.8738657069811899);
this.slot[0][1][6] = new Pair(1.0707820679389368,25.28254363267774);
this.slot[0][1][7] = new Pair(0.0,2.2855735773286074);
this.slot[0][1][8] = new Pair(2.283424541358841,4.156696760209602);
this.slot[1][0][0] = new Pair(2.27245489344635,18.69218694838215);
this.slot[1][0][1] = new Pair(1.568252390312085,5.200446123823035);
this.slot[1][0][2] = new Pair(0.21624914741072387,0.0);
this.slot[1][0][3] = new Pair(0.0,0.0);
this.slot[1][0][4] = new Pair(0.39862317842634465,-9.127456679029194);
this.slot[1][0][5] = new Pair(1.5882767039819554,19.188841578733292);
this.slot[1][0][6] = new Pair(1.641236251032131,15.356931059120694);
this.slot[1][0][7] = new Pair(0.8563893693351262,0.0);
this.slot[1][0][8] = new Pair(1.5229477270469731,27.522216352504927);
this.slot[1][1][0] = new Pair(2.2782951275820618,-4.93316413019334);
this.slot[1][1][1] = new Pair(0.0,11.590971515275905);
this.slot[1][1][2] = new Pair(1.7899577422554227,11.165418345455459);
this.slot[1][1][3] = new Pair(3.0,6.251701001931391);
this.slot[1][1][4] = new Pair(0.8452606775018732,4.0264074629116315);
this.slot[1][1][5] = new Pair(2.144207854312611,7.184721988764824);
this.slot[1][1][6] = new Pair(0.6581218058425914,13.186990020684934);
this.slot[1][1][7] = new Pair(0.0,14.908121569711714);
this.slot[1][1][8] = new Pair(3.0,21.828974958596422);

