this.slot[0][0][0] = new Pair(1.521306498933661,18.16002159258811);
this.slot[0][0][1] = new Pair(2.7917540187477297,0.0);
this.slot[0][0][2] = new Pair(1.466223869737564,21.37972865625131);
this.slot[0][0][3] = new Pair(3.0,9.907103573734666);
this.slot[0][0][4] = new Pair(3.0,21.6848570041862);
this.slot[0][0][5] = new Pair(1.5917512059001133,0.22832490662915828);
this.slot[0][0][6] = new Pair(0.13472628978497836,1.3676206359670486);
this.slot[0][0][7] = new Pair(0.0,0.0);
this.slot[0][0][8] = new Pair(0.0,0.6364810474685951);
this.slot[0][1][0] = new Pair(0.10848938157008581,0.0);
this.slot[0][1][1] = new Pair(2.938490789444859,28.218542487630106);
this.slot[0][1][2] = new Pair(0.3469664685978311,14.710242140797952);
this.slot[0][1][3] = new Pair(0.6524836241324057,0.0);
this.slot[0][1][4] = new Pair(1.9845712103061977,0.0);
this.slot[0][1][5] = new Pair(0.5119144297794991,0.8316264011081331);
this.slot[0][1][6] = new Pair(0.11648843052352353,27.66391536016964);
this.slot[0][1][7] = new Pair(1.4601053959147186,0.0);
this.slot[0][1][8] = new Pair(2.261359088861121,0.1545772053582828);
this.slot[1][0][0] = new Pair(2.121539458393017,19.850225030960466);
this.slot[1][0][1] = new Pair(2.0,15.0);
this.slot[1][0][2] = new Pair(2.0,15.0);
this.slot[1][0][3] = new Pair(2.0273917352993838,15.859982576197025);
this.slot[1][0][4] = new Pair(2.608280678760786,12.60227022573157);
this.slot[1][0][5] = new Pair(2.051993019686942,15.232557074309074);
this.slot[1][0][6] = new Pair(1.2971130719107926,12.805346057253807);
this.slot[1][0][7] = new Pair(0.3998499972344408,-0.4539121675007607);
this.slot[1][0][8] = new Pair(1.2355220636206827,27.531715548558594);
this.slot[1][1][0] = new Pair(2.424302187638332,0.0);
this.slot[1][1][1] = new Pair(0.7111942644325626,5.3933202901833415);
this.slot[1][1][2] = new Pair(1.2922038459201715,12.874221542841788);
this.slot[1][1][3] = new Pair(2.2982811235903164,6.499098376562021);
this.slot[1][1][4] = new Pair(2.7836207308046967,-1.6324878370138727);
this.slot[1][1][5] = new Pair(2.4612669174489015,12.446019445370375);
this.slot[1][1][6] = new Pair(0.7704433363838756,-10.64435230922031);
this.slot[1][1][7] = new Pair(0.0,13.144852331391002);
this.slot[1][1][8] = new Pair(2.827302179145341,22.21509207769052);

