this.slot[0][0][0] = new Pair(1.2662220209550306,-4.547664389703851);
this.slot[0][0][1] = new Pair(2.2866176959999143,-29.39236947647455);
this.slot[0][0][2] = new Pair(2.114564253523466,2.157888405481877);
this.slot[0][0][3] = new Pair(0.014016055211077516,-24.98153828144296);
this.slot[0][0][4] = new Pair(1.0787549672961165,16.820452007017835);
this.slot[0][0][5] = new Pair(1.1901855067981617,-17.79492974105785);
this.slot[0][0][6] = new Pair(0.9732950283143718,19.274464504826);
this.slot[0][0][7] = new Pair(2.63003725561114,-20.672073272990794);
this.slot[0][0][8] = new Pair(0.4366456720373827,17.176297398479036);
this.slot[0][1][0] = new Pair(1.1502366324923765,0.0);
this.slot[0][1][1] = new Pair(2.4113483531511113,7.6293485319130525);
this.slot[0][1][2] = new Pair(1.7610873875090243,-23.886037421618678);
this.slot[0][1][3] = new Pair(2.102265933415044,19.17764908758617);
this.slot[0][1][4] = new Pair(2.215415669819548,-6.993201154147869);
this.slot[0][1][5] = new Pair(0.7308466517046123,-0.5912594111867762);
this.slot[0][1][6] = new Pair(0.48056561402207576,29.738121687495855);
this.slot[0][1][7] = new Pair(1.031802526075143,-8.08051347334272);
this.slot[0][1][8] = new Pair(1.3002573295487942,3.0124048303004614);
this.slot[1][0][0] = new Pair(2.0,15.0);
this.slot[1][0][1] = new Pair(2.0,15.0);
this.slot[1][0][2] = new Pair(1.7771870694928205,17.150863542566963);
this.slot[1][0][3] = new Pair(2.0,15.0);
this.slot[1][0][4] = new Pair(2.608280678760786,12.60227022573157);
this.slot[1][0][5] = new Pair(2.051993019686942,15.232557074309074);
this.slot[1][0][6] = new Pair(1.8949110471661719,15.845826806537119);
this.slot[1][0][7] = new Pair(0.3998499972344408,-0.4539121675007607);
this.slot[1][0][8] = new Pair(1.2355220636206827,27.531715548558594);
this.slot[1][1][0] = new Pair(0.9895316569197473,0.0);
this.slot[1][1][1] = new Pair(0.44404442381799913,-14.37130450437127);
this.slot[1][1][2] = new Pair(1.5263360939139807,12.429354276582323);
this.slot[1][1][3] = new Pair(2.8202754165095953,7.629995263961135);
this.slot[1][1][4] = new Pair(0.9928451801875109,5.859827299178801);
this.slot[1][1][5] = new Pair(1.3711193159684227,6.013987010641079);
this.slot[1][1][6] = new Pair(1.2638990869082036,11.302436257081446);
this.slot[1][1][7] = new Pair(0.8832440759713973,13.53306669878602);
this.slot[1][1][8] = new Pair(2.445137636872948,24.343764608399237);

