this.slot[0][0][0] = new Pair(1.202507168296682,25.993726945012);
this.slot[0][0][1] = new Pair(1.1756014301654703,-23.301277161235088);
this.slot[0][0][2] = new Pair(2.793901561346985,1.1899860307149588);
this.slot[0][0][3] = new Pair(2.894540839017915,-19.25132232971289);
this.slot[0][0][4] = new Pair(2.338843789166794,16.095456558173147);
this.slot[0][0][5] = new Pair(1.9783229792310757,-22.702920476056025);
this.slot[0][0][6] = new Pair(0.20713946176183085,18.525764394796717);
this.slot[0][0][7] = new Pair(0.9498448939385632,9.521174810669677);
this.slot[0][0][8] = new Pair(2.1202159094147497,16.048487493629636);
this.slot[0][1][0] = new Pair(0.04369574516901964,-12.344310193076733);
this.slot[0][1][1] = new Pair(1.0919413998635839,8.723653628214443);
this.slot[0][1][2] = new Pair(1.6282103391359475,1.724780811972554);
this.slot[0][1][3] = new Pair(1.7283293175984955,20.427521854918275);
this.slot[0][1][4] = new Pair(1.1688244228104487,29.155261353569657);
this.slot[0][1][5] = new Pair(0.17615126563761896,26.320075288203);
this.slot[0][1][6] = new Pair(1.8954371089231128,-24.242217005212943);
this.slot[0][1][7] = new Pair(1.231417959474212,7.181817303334022);
this.slot[0][1][8] = new Pair(0.047749228868771754,0.07055298468299043);
this.slot[1][0][0] = new Pair(2.335168095307871,-23.858328613294553);
this.slot[1][0][1] = new Pair(2.689995432839761,3.025783772145111);
this.slot[1][0][2] = new Pair(2.932161923155303,27.785072944383415);
this.slot[1][0][3] = new Pair(0.8571990312947189,-21.957892224013914);
this.slot[1][0][4] = new Pair(1.2184194285416137,-22.26837322921641);
this.slot[1][0][5] = new Pair(1.3254928495686116,5.233262442168872);
this.slot[1][0][6] = new Pair(1.9109532269185174,12.638772491194217);
this.slot[1][0][7] = new Pair(0.8049881784964142,-19.48207251479237);
this.slot[1][0][8] = new Pair(1.8267824302819575,10.777418959253502);
this.slot[1][1][0] = new Pair(0.4103350373754526,9.128033809600765);
this.slot[1][1][1] = new Pair(2.7320082155599823,23.065013340648278);
this.slot[1][1][2] = new Pair(2.0560654383277543,-29.249615464275738);
this.slot[1][1][3] = new Pair(1.8233930873898103,-19.11958052975706);
this.slot[1][1][4] = new Pair(2.994999011575584,7.253139061816405);
this.slot[1][1][5] = new Pair(1.0268955038568106,-5.555422457926607);
this.slot[1][1][6] = new Pair(0.22173145529462057,-2.6044173935683794);
this.slot[1][1][7] = new Pair(0.9667286647207621,25.774371313882867);
this.slot[1][1][8] = new Pair(0.41222045111564287,-23.105507617168843);

