this.slot[0][0][0] = new Pair(2.589034564958335,-29.409298890913515);
this.slot[0][0][1] = new Pair(1.0565315980217431,4.519974141947614);
this.slot[0][0][2] = new Pair(2.66856749311112,0.0);
this.slot[0][0][3] = new Pair(0.0,21.16705288302992);
this.slot[0][0][4] = new Pair(2.0,15.0);
this.slot[0][0][5] = new Pair(2.0,15.0);
this.slot[0][0][6] = new Pair(2.0,15.0);
this.slot[0][0][7] = new Pair(2.0,15.0);
this.slot[0][0][8] = new Pair(2.0,15.0);
this.slot[0][1][0] = new Pair(2.127853460726815,-19.909062470556403);
this.slot[0][1][1] = new Pair(2.0019899070200036,27.34953318534503);
this.slot[0][1][2] = new Pair(2.186705970288415,23.780188559282685);
this.slot[0][1][3] = new Pair(3.0,25.0);
this.slot[0][1][4] = new Pair(2.9579868098349444,25.664986448980173);
this.slot[0][1][5] = new Pair(2.8687200952830723,25.4503808990598);
this.slot[0][1][6] = new Pair(2.0,15.0);
this.slot[0][1][7] = new Pair(2.0,15.0);
this.slot[0][1][8] = new Pair(1.7508386074053721,16.506361720643437);
this.slot[1][0][0] = new Pair(2.0,15.0);
this.slot[1][0][1] = new Pair(2.6297929273254756,15.811350684431156);
this.slot[1][0][2] = new Pair(2.0,15.0);
this.slot[1][0][3] = new Pair(2.0,15.0);
this.slot[1][0][4] = new Pair(2.2125472035149887,14.488487870981734);
this.slot[1][0][5] = new Pair(2.0,15.0);
this.slot[1][0][6] = new Pair(2.254888530033796,15.881810703778712);
this.slot[1][0][7] = new Pair(2.0,15.0);
this.slot[1][0][8] = new Pair(2.0,15.0);
this.slot[1][1][0] = new Pair(3.0,25.0);
this.slot[1][1][1] = new Pair(2.213486456475979,15.343488348092839);
this.slot[1][1][2] = new Pair(2.5235809848417343,14.74097954776916);
this.slot[1][1][3] = new Pair(1.7203268169860215,15.604899931989777);
this.slot[1][1][4] = new Pair(1.8222561367341437,14.38585339625595);
this.slot[1][1][5] = new Pair(2.0,15.0);
this.slot[1][1][6] = new Pair(2.0,15.0);
this.slot[1][1][7] = new Pair(2.651753084121771,14.909744222560715);
this.slot[1][1][8] = new Pair(2.0,15.0);

