this.slot[0][0][0] = new Pair(2.0784656325355764,0.0);
this.slot[0][0][1] = new Pair(1.0565315980217431,4.519974141947614);
this.slot[0][0][2] = new Pair(3.0,0.0);
this.slot[0][0][3] = new Pair(2.0,15.0);
this.slot[0][0][4] = new Pair(2.0,15.0);
this.slot[0][0][5] = new Pair(2.0618840754780994,14.817351004899322);
this.slot[0][0][6] = new Pair(2.0,15.0);
this.slot[0][0][7] = new Pair(2.0,15.0);
this.slot[0][0][8] = new Pair(2.0,15.0);
this.slot[0][1][0] = new Pair(2.1250093971962962,14.879708030599208);
this.slot[0][1][1] = new Pair(2.0,15.0);
this.slot[0][1][2] = new Pair(1.813674102364366,15.498282882382632);
this.slot[0][1][3] = new Pair(2.453793399100809,23.83174354928343);
this.slot[0][1][4] = new Pair(3.0,25.0);
this.slot[0][1][5] = new Pair(3.0,25.0);
this.slot[0][1][6] = new Pair(1.0841517106753877,19.14525841489428);
this.slot[0][1][7] = new Pair(2.0,15.0);
this.slot[0][1][8] = new Pair(2.6531973794701313,15.386753653926982);
this.slot[1][0][0] = new Pair(2.0,15.0);
this.slot[1][0][1] = new Pair(2.362911065907001,15.943369352467478);
this.slot[1][0][2] = new Pair(1.8814453676867318,14.5994365856176);
this.slot[1][0][3] = new Pair(2.0,15.0);
this.slot[1][0][4] = new Pair(2.1171496631817703,16.311120159832146);
this.slot[1][0][5] = new Pair(2.0,15.0);
this.slot[1][0][6] = new Pair(2.254888530033796,15.881810703778712);
this.slot[1][0][7] = new Pair(2.0,15.0);
this.slot[1][0][8] = new Pair(2.0,15.0);
this.slot[1][1][0] = new Pair(3.0,25.0);
this.slot[1][1][1] = new Pair(3.0,23.637758378006566);
this.slot[1][1][2] = new Pair(3.0,25.500913255971486);
this.slot[1][1][3] = new Pair(3.0,25.0);
this.slot[1][1][4] = new Pair(3.0,25.0);
this.slot[1][1][5] = new Pair(2.0,15.0);
this.slot[1][1][6] = new Pair(2.0,15.0);
this.slot[1][1][7] = new Pair(2.0,15.0);
this.slot[1][1][8] = new Pair(2.0,15.0);

