this.slot[0][0][0] = new Pair(2.589034564958335,-29.409298890913515);
this.slot[0][0][1] = new Pair(1.0565315980217431,4.519974141947614);
this.slot[0][0][2] = new Pair(3.0,0.0);
this.slot[0][0][3] = new Pair(2.537857934044709,15.33774390699125);
this.slot[0][0][4] = new Pair(2.0,15.0);
this.slot[0][0][5] = new Pair(1.1260629072900508,12.774786982861862);
this.slot[0][0][6] = new Pair(2.0,15.0);
this.slot[0][0][7] = new Pair(2.1341707113462722,13.89780725216151);
this.slot[0][0][8] = new Pair(2.0,15.0);
this.slot[0][1][0] = new Pair(1.9289018289378392,0.0);
this.slot[0][1][1] = new Pair(2.0,15.0);
this.slot[0][1][2] = new Pair(1.813674102364366,15.498282882382632);
this.slot[0][1][3] = new Pair(2.453793399100809,23.83174354928343);
this.slot[0][1][4] = new Pair(3.0,25.0);
this.slot[0][1][5] = new Pair(2.7909715292280195,25.054115471791974);
this.slot[0][1][6] = new Pair(1.604386326822095,17.745944431568734);
this.slot[0][1][7] = new Pair(2.0,15.0);
this.slot[0][1][8] = new Pair(2.3386420067638287,15.709620267728386);
this.slot[1][0][0] = new Pair(2.134643402993718,12.5603109845617);
this.slot[1][0][1] = new Pair(2.6297929273254756,15.811350684431156);
this.slot[1][0][2] = new Pair(3.0,26.45944483201141);
this.slot[1][0][3] = new Pair(1.984247542427637,16.60761063214109);
this.slot[1][0][4] = new Pair(2.2125472035149887,14.488487870981734);
this.slot[1][0][5] = new Pair(2.0,15.0);
this.slot[1][0][6] = new Pair(2.254888530033796,15.881810703778712);
this.slot[1][0][7] = new Pair(2.0,15.0);
this.slot[1][0][8] = new Pair(2.0,15.0);
this.slot[1][1][0] = new Pair(3.0,25.0);
this.slot[1][1][1] = new Pair(2.8395462661068827,23.871781776743823);
this.slot[1][1][2] = new Pair(3.0,25.208584045289754);
this.slot[1][1][3] = new Pair(3.0,25.0);
this.slot[1][1][4] = new Pair(3.0,25.0);
this.slot[1][1][5] = new Pair(2.0,15.0);
this.slot[1][1][6] = new Pair(2.0,15.0);
this.slot[1][1][7] = new Pair(2.0,15.0);
this.slot[1][1][8] = new Pair(2.0,15.0);

