this.slot[0][0][0] = new Pair(2.589034564958335,-29.409298890913515);
this.slot[0][0][1] = new Pair(1.0565315980217431,4.519974141947614);
this.slot[0][0][2] = new Pair(3.0,0.48147477329635735);
this.slot[0][0][3] = new Pair(2.0,15.0);
this.slot[0][0][4] = new Pair(2.0,15.0);
this.slot[0][0][5] = new Pair(2.0618840754780994,14.817351004899322);
this.slot[0][0][6] = new Pair(2.0,15.0);
this.slot[0][0][7] = new Pair(2.0,15.0);
this.slot[0][0][8] = new Pair(2.0,15.0);
this.slot[0][1][0] = new Pair(3.0,22.99680932858974);
this.slot[0][1][1] = new Pair(2.2270372015867794,25.97450384075821);
this.slot[0][1][2] = new Pair(3.0,25.0);
this.slot[0][1][3] = new Pair(3.0,25.0);
this.slot[0][1][4] = new Pair(3.0,23.58010340462021);
this.slot[0][1][5] = new Pair(3.0,25.0);
this.slot[0][1][6] = new Pair(1.604386326822095,17.745944431568734);
this.slot[0][1][7] = new Pair(2.0,15.0);
this.slot[0][1][8] = new Pair(2.8287207274864548,16.25802547412121);
this.slot[1][0][0] = new Pair(2.231661820436126,13.410235885354789);
this.slot[1][0][1] = new Pair(2.362911065907001,15.943369352467478);
this.slot[1][0][2] = new Pair(1.6247766970280688,14.147683388460294);
this.slot[1][0][3] = new Pair(2.0,15.0);
this.slot[1][0][4] = new Pair(2.6739064617764807,14.817230608315096);
this.slot[1][0][5] = new Pair(2.0,15.0);
this.slot[1][0][6] = new Pair(2.254888530033796,15.881810703778712);
this.slot[1][0][7] = new Pair(2.0,15.0);
this.slot[1][0][8] = new Pair(1.3544526988561256,13.173044652288175);
this.slot[1][1][0] = new Pair(3.0,25.0);
this.slot[1][1][1] = new Pair(3.0,23.637758378006566);
this.slot[1][1][2] = new Pair(3.0,15.807192769146344);
this.slot[1][1][3] = new Pair(2.0,15.0);
this.slot[1][1][4] = new Pair(1.8222561367341437,14.38585339625595);
this.slot[1][1][5] = new Pair(2.0,15.0);
this.slot[1][1][6] = new Pair(2.0,15.0);
this.slot[1][1][7] = new Pair(3.0,14.38047822456894);
this.slot[1][1][8] = new Pair(2.0,15.0);

