this.slot[0][0][0] = new Pair(2.120772062244663,22.47026231935029);
this.slot[0][0][1] = new Pair(0.7847853301432529,0.0);
this.slot[0][0][2] = new Pair(1.458203489632354,0.0);
this.slot[0][0][3] = new Pair(0.2355477621024259,-13.56262701711643);
this.slot[0][0][4] = new Pair(2.7995215450400694,25.51903892429295);
this.slot[0][0][5] = new Pair(0.8456228415835622,-0.3043250713043655);
this.slot[0][0][6] = new Pair(1.158906295627165,0.0);
this.slot[0][0][7] = new Pair(2.0,15.0);
this.slot[0][0][8] = new Pair(1.9525126710571112,17.084919566890825);
this.slot[0][1][0] = new Pair(3.0,26.163553544681733);
this.slot[0][1][1] = new Pair(2.32350002247753,21.554500652588796);
this.slot[0][1][2] = new Pair(2.9399095476134716,25.095369303381844);
this.slot[0][1][3] = new Pair(1.8806281741511093,19.6809989590718);
this.slot[0][1][4] = new Pair(3.0,25.738828862816725);
this.slot[0][1][5] = new Pair(2.0,20.0);
this.slot[0][1][6] = new Pair(1.6653253520395208,20.999067599601936);
this.slot[0][1][7] = new Pair(1.8929094824639066,20.974633019887595);
this.slot[0][1][8] = new Pair(1.142101465762745,22.548842469936222);
this.slot[1][0][0] = new Pair(2.19636314306977,19.76643787322123);
this.slot[1][0][1] = new Pair(3.0,10.0);
this.slot[1][0][2] = new Pair(0.0,0.0);
this.slot[1][0][3] = new Pair(2.735017038600521,19.683465007055805);
this.slot[1][0][4] = new Pair(2.0,15.0);
this.slot[1][0][5] = new Pair(1.8331808874279707,19.663540359726614);
this.slot[1][0][6] = new Pair(2.0,20.0);
this.slot[1][0][7] = new Pair(2.0,20.0);
this.slot[1][0][8] = new Pair(2.0,20.0);
this.slot[1][1][0] = new Pair(3.0,21.12828730446941);
this.slot[1][1][1] = new Pair(3.0,19.25421444737082);
this.slot[1][1][2] = new Pair(2.8329643526589794,20.09690234561);
this.slot[1][1][3] = new Pair(3.0,20.0);
this.slot[1][1][4] = new Pair(3.0,19.54818102644323);
this.slot[1][1][5] = new Pair(2.5737750576667358,20.662152700390862);
this.slot[1][1][6] = new Pair(3.0,20.0);
this.slot[1][1][7] = new Pair(3.0,19.22342102507016);
this.slot[1][1][8] = new Pair(3.0,21.911837882020038);