this.slot[0][0][0] = new Pair(2.9733311872874735,17.895486430747432);
this.slot[0][0][1] = new Pair(2.776683250895042,-4.964624789158297);
this.slot[0][0][2] = new Pair(1.3236576382446748,-0.33949103235459077);
this.slot[0][0][3] = new Pair(0.796559813574273,-19.753546507097848);
this.slot[0][0][4] = new Pair(1.4012864913384702,-26.687638436773145);
this.slot[0][0][5] = new Pair(0.5135599395887634,12.517792944907853);
this.slot[0][0][6] = new Pair(0.8479656445074069,-2.598304958187377);
this.slot[0][0][7] = new Pair(1.7280644021116123,13.851945889063906);
this.slot[0][0][8] = new Pair(2.1571125609738266,-10.844438278420025);
this.slot[0][1][0] = new Pair(2.3965628276672524,-28.798855253201058);
this.slot[0][1][1] = new Pair(2.5232183581064573,-5.456298089246403);
this.slot[0][1][2] = new Pair(0.18232145815330825,1.8124690277727602);
this.slot[0][1][3] = new Pair(0.1952944051176978,-20.071357249018853);
this.slot[0][1][4] = new Pair(2.739258610979527,22.1000018442791);
this.slot[0][1][5] = new Pair(0.6798276265575227,-14.206376404537027);
this.slot[0][1][6] = new Pair(1.4880097561685859,-24.832575674916864);
this.slot[0][1][7] = new Pair(1.239651791270143,24.61340939451412);
this.slot[0][1][8] = new Pair(0.4443907543052811,-15.978782629311105);
this.slot[1][0][0] = new Pair(0.9718613893896869,-6.882431674174338);
this.slot[1][0][1] = new Pair(2.6862445802896473,-3.987888977463694);
this.slot[1][0][2] = new Pair(0.38777553518950825,-24.809945195794846);
this.slot[1][0][3] = new Pair(2.82330090499145,28.746618810575292);
this.slot[1][0][4] = new Pair(0.16276067669328576,11.071124265803626);
this.slot[1][0][5] = new Pair(1.253886443823078,-23.705731134555826);
this.slot[1][0][6] = new Pair(1.3595726981904726,8.66774578728991);
this.slot[1][0][7] = new Pair(1.549167151773943,12.94922224130206);
this.slot[1][0][8] = new Pair(2.47629273596534,-27.151309532176576);
this.slot[1][1][0] = new Pair(1.3565253338470016,-9.396046155369795);
this.slot[1][1][1] = new Pair(1.6337864116371401,-8.015856535481817);
this.slot[1][1][2] = new Pair(0.22449720580060217,-14.728962210314036);
this.slot[1][1][3] = new Pair(2.8371724508077896,-22.50731706883473);
this.slot[1][1][4] = new Pair(1.5476139716198087,-2.192820137329658);
this.slot[1][1][5] = new Pair(1.7446768611945935,-6.741673939913834);
this.slot[1][1][6] = new Pair(2.845072555668959,-27.89129898724033);
this.slot[1][1][7] = new Pair(2.713480105084721,-28.123523568127354);
this.slot[1][1][8] = new Pair(1.1163558509424099,19.163799196103234);

