this.slot[0][0][0] = new Pair(3.0,25.0);
this.slot[0][0][1] = new Pair(3.0,25.0);
this.slot[0][0][2] = new Pair(3.0,25.0);
this.slot[0][0][3] = new Pair(3.0,25.0);
this.slot[0][0][4] = new Pair(3.0,25.0);
this.slot[0][0][5] = new Pair(3.0,25.0);
this.slot[0][0][6] = new Pair(3.0,25.0);
this.slot[0][0][7] = new Pair(3.0,25.0);
this.slot[0][0][8] = new Pair(3.0,25.0);
this.slot[0][1][0] = new Pair(3.0,25.0);
this.slot[0][1][1] = new Pair(3.0,25.0);
this.slot[0][1][2] = new Pair(3.0,25.0);
this.slot[0][1][3] = new Pair(3.0,25.0);
this.slot[0][1][4] = new Pair(3.0,25.0);
this.slot[0][1][5] = new Pair(3.0,25.0);
this.slot[0][1][6] = new Pair(3.0,25.0);
this.slot[0][1][7] = new Pair(3.0,25.0);
this.slot[0][1][8] = new Pair(3.0,25.0);
this.slot[1][0][0] = new Pair(3.0,25.0);
this.slot[1][0][1] = new Pair(3.0,25.0);
this.slot[1][0][2] = new Pair(3.0,25.0);
this.slot[1][0][3] = new Pair(3.0,25.0);
this.slot[1][0][4] = new Pair(3.0,25.0);
this.slot[1][0][5] = new Pair(2.6083476598432993,24.075608434834713);
this.slot[1][0][6] = new Pair(3.0,25.0);
this.slot[1][0][7] = new Pair(3.0,25.0);
this.slot[1][0][8] = new Pair(3.0,25.0);
this.slot[1][1][0] = new Pair(3.0,24.81629810911832);
this.slot[1][1][1] = new Pair(3.0,25.0);
this.slot[1][1][2] = new Pair(3.0,25.0);
this.slot[1][1][3] = new Pair(3.0,25.0);
this.slot[1][1][4] = new Pair(3.0,25.0);
this.slot[1][1][5] = new Pair(3.0,25.0);
this.slot[1][1][6] = new Pair(3.0,25.0);
this.slot[1][1][7] = new Pair(3.0,25.0);
this.slot[1][1][8] = new Pair(3.0,25.0);

