this.slot[0][0][0] = new Pair(2.3830991109942823,0.0);
this.slot[0][0][1] = new Pair(1.0565315980217431,4.519974141947614);
this.slot[0][0][2] = new Pair(2.3960725851815567,1.8108511654139612);
this.slot[0][0][3] = new Pair(0.0,21.16705288302992);
this.slot[0][0][4] = new Pair(1.8856947918901739,14.388426188736586);
this.slot[0][0][5] = new Pair(1.9870587415976866,14.244593119562023);
this.slot[0][0][6] = new Pair(1.8863650597328352,14.577048493810155);
this.slot[0][0][7] = new Pair(2.0,15.0);
this.slot[0][0][8] = new Pair(2.0,15.0);
this.slot[0][1][0] = new Pair(2.1250093971962962,14.879708030599208);
this.slot[0][1][1] = new Pair(2.0,15.0);
this.slot[0][1][2] = new Pair(1.813674102364366,15.498282882382632);
this.slot[0][1][3] = new Pair(3.0,25.0);
this.slot[0][1][4] = new Pair(3.0,25.0);
this.slot[0][1][5] = new Pair(2.8687200952830723,25.4503808990598);
this.slot[0][1][6] = new Pair(1.8385795379468213,17.34968617588237);
this.slot[0][1][7] = new Pair(2.0,15.0);
this.slot[0][1][8] = new Pair(1.7508386074053721,16.506361720643437);
this.slot[1][0][0] = new Pair(2.0,15.0);
this.slot[1][0][1] = new Pair(2.6297929273254756,15.811350684431156);
this.slot[1][0][2] = new Pair(2.0,15.0);
this.slot[1][0][3] = new Pair(2.6047436156443595,13.460426064547608);
this.slot[1][0][4] = new Pair(2.2125472035149887,14.488487870981734);
this.slot[1][0][5] = new Pair(2.0,15.0);
this.slot[1][0][6] = new Pair(2.254888530033796,15.881810703778712);
this.slot[1][0][7] = new Pair(2.0,15.0);
this.slot[1][0][8] = new Pair(1.5921727887517356,14.9878152827865);
this.slot[1][1][0] = new Pair(3.0,25.0);
this.slot[1][1][1] = new Pair(3.0,23.637758378006566);
this.slot[1][1][2] = new Pair(3.0,25.500913255971486);
this.slot[1][1][3] = new Pair(3.0,25.0);
this.slot[1][1][4] = new Pair(3.0,25.0);
this.slot[1][1][5] = new Pair(2.0,15.0);
this.slot[1][1][6] = new Pair(2.0,15.0);
this.slot[1][1][7] = new Pair(2.651753084121771,14.909744222560715);
this.slot[1][1][8] = new Pair(2.0,15.0);

