this.slot[0][0][0] = new Pair(2.589034564958335,-29.409298890913515);
this.slot[0][0][1] = new Pair(1.0565315980217431,4.519974141947614);
this.slot[0][0][2] = new Pair(3.0,0.0);
this.slot[0][0][3] = new Pair(2.0,15.0);
this.slot[0][0][4] = new Pair(2.0,15.0);
this.slot[0][0][5] = new Pair(2.0,15.0);
this.slot[0][0][6] = new Pair(2.0,15.0);
this.slot[0][0][7] = new Pair(2.0,15.0);
this.slot[0][0][8] = new Pair(2.6984473983808077,13.432671763712444);
this.slot[0][1][0] = new Pair(3.0,23.718238152120556);
this.slot[0][1][1] = new Pair(3.0,25.0);
this.slot[0][1][2] = new Pair(3.0,25.0);
this.slot[0][1][3] = new Pair(2.716873733477297,25.155133429915587);
this.slot[0][1][4] = new Pair(3.0,25.0);
this.slot[0][1][5] = new Pair(3.0,25.0);
this.slot[0][1][6] = new Pair(1.4747985261336485,13.727027539950356);
this.slot[0][1][7] = new Pair(2.0,15.0);
this.slot[0][1][8] = new Pair(2.5685286785351003,15.606947955635059);
this.slot[1][0][0] = new Pair(2.6747682567036946,27.103513566801926);
this.slot[1][0][1] = new Pair(2.362911065907001,15.943369352467478);
this.slot[1][0][2] = new Pair(1.5691045251367497,14.248535158484078);
this.slot[1][0][3] = new Pair(2.0,15.0);
this.slot[1][0][4] = new Pair(2.2125472035149887,14.488487870981734);
this.slot[1][0][5] = new Pair(2.2560756771019577,16.12255134655913);
this.slot[1][0][6] = new Pair(2.375286851840115,15.44169837683931);
this.slot[1][0][7] = new Pair(2.0,15.0);
this.slot[1][0][8] = new Pair(2.0,15.0);
this.slot[1][1][0] = new Pair(3.0,25.0);
this.slot[1][1][1] = new Pair(3.0,24.721354192924565);
this.slot[1][1][2] = new Pair(3.0,25.500913255971486);
this.slot[1][1][3] = new Pair(3.0,25.0);
this.slot[1][1][4] = new Pair(3.0,25.0);
this.slot[1][1][5] = new Pair(3.0,25.0);
this.slot[1][1][6] = new Pair(3.0,25.0);
this.slot[1][1][7] = new Pair(2.927853487614513,26.12107473749035);
this.slot[1][1][8] = new Pair(2.0,15.0);

