this.slot[0][0][0] = new Pair(3.0,25.0);
this.slot[0][0][1] = new Pair(3.0,25.0);
this.slot[0][0][2] = new Pair(2.571508759483837,-27.23504195583767);
this.slot[0][0][3] = new Pair(2.0,15.0);
this.slot[0][0][4] = new Pair(2.0,15.0);
this.slot[0][0][5] = new Pair(2.0,15.0);
this.slot[0][0][6] = new Pair(2.0,15.0);
this.slot[0][0][7] = new Pair(2.0,15.0);
this.slot[0][0][8] = new Pair(2.0,15.0);
this.slot[0][1][0] = new Pair(3.0,25.0);
this.slot[0][1][1] = new Pair(3.0,25.0);
this.slot[0][1][2] = new Pair(3.0,25.0);
this.slot[0][1][3] = new Pair(3.0,25.0);
this.slot[0][1][4] = new Pair(3.0,23.58010340462021);
this.slot[0][1][5] = new Pair(3.0,25.0);
this.slot[0][1][6] = new Pair(1.604386326822095,17.745944431568734);
this.slot[0][1][7] = new Pair(2.0,15.0);
this.slot[0][1][8] = new Pair(2.3386420067638287,15.709620267728386);
this.slot[1][0][0] = new Pair(2.0,15.0);
this.slot[1][0][1] = new Pair(2.362911065907001,15.943369352467478);
this.slot[1][0][2] = new Pair(1.759453061935512,13.74660330384083);
this.slot[1][0][3] = new Pair(2.0,15.0);
this.slot[1][0][4] = new Pair(2.2125472035149887,14.488487870981734);
this.slot[1][0][5] = new Pair(2.0,15.0);
this.slot[1][0][6] = new Pair(2.254888530033796,15.881810703778712);
this.slot[1][0][7] = new Pair(2.0,15.0);
this.slot[1][0][8] = new Pair(2.0,15.0);
this.slot[1][1][0] = new Pair(3.0,25.0);
this.slot[1][1][1] = new Pair(3.0,23.637758378006566);
this.slot[1][1][2] = new Pair(3.0,25.500913255971486);
this.slot[1][1][3] = new Pair(3.0,25.0);
this.slot[1][1][4] = new Pair(3.0,25.0);
this.slot[1][1][5] = new Pair(2.0,15.0);
this.slot[1][1][6] = new Pair(2.0,15.0);
this.slot[1][1][7] = new Pair(2.0,15.0);
this.slot[1][1][8] = new Pair(2.0,15.0);

