this.slot[0][0][0] = new Pair(2.589034564958335,-29.409298890913515);
this.slot[0][0][1] = new Pair(1.0565315980217431,4.519974141947614);
this.slot[0][0][2] = new Pair(3.0,2.0475911525314343);
this.slot[0][0][3] = new Pair(2.6370961997655984,16.30688084607271);
this.slot[0][0][4] = new Pair(2.0,15.0);
this.slot[0][0][5] = new Pair(2.0618840754780994,14.817351004899322);
this.slot[0][0][6] = new Pair(2.0,15.0);
this.slot[0][0][7] = new Pair(2.0,15.0);
this.slot[0][0][8] = new Pair(2.0,15.0);
this.slot[0][1][0] = new Pair(2.1250093971962962,14.879708030599208);
this.slot[0][1][1] = new Pair(2.0,15.0);
this.slot[0][1][2] = new Pair(2.0435856338975573,14.127374285068049);
this.slot[0][1][3] = new Pair(2.453793399100809,23.83174354928343);
this.slot[0][1][4] = new Pair(3.0,25.0);
this.slot[0][1][5] = new Pair(3.0,25.563279556265687);
this.slot[0][1][6] = new Pair(1.604386326822095,17.745944431568734);
this.slot[0][1][7] = new Pair(2.0,15.0);
this.slot[0][1][8] = new Pair(2.664397058257914,15.778079651136471);
this.slot[1][0][0] = new Pair(2.128646675613906,15.194881576662157);
this.slot[1][0][1] = new Pair(2.6297929273254756,15.811350684431156);
this.slot[1][0][2] = new Pair(3.0,26.45944483201141);
this.slot[1][0][3] = new Pair(1.984247542427637,16.60761063214109);
this.slot[1][0][4] = new Pair(2.2125472035149887,14.488487870981734);
this.slot[1][0][5] = new Pair(2.0,15.0);
this.slot[1][0][6] = new Pair(2.254888530033796,15.881810703778712);
this.slot[1][0][7] = new Pair(2.0,15.0);
this.slot[1][0][8] = new Pair(2.0,15.0);
this.slot[1][1][0] = new Pair(3.0,25.0);
this.slot[1][1][1] = new Pair(3.0,23.637758378006566);
this.slot[1][1][2] = new Pair(2.480601573003822,25.120430539131853);
this.slot[1][1][3] = new Pair(3.0,25.0);
this.slot[1][1][4] = new Pair(3.0,25.0);
this.slot[1][1][5] = new Pair(1.556415454890188,14.462307643035105);
this.slot[1][1][6] = new Pair(2.0,15.0);
this.slot[1][1][7] = new Pair(2.0,15.0);
this.slot[1][1][8] = new Pair(2.0,15.0);

