this.slot[0][0][0] = new Pair(3.0,25.0);
this.slot[0][0][1] = new Pair(3.0,25.0);
this.slot[0][0][2] = new Pair(3.0,25.0);
this.slot[0][0][3] = new Pair(3.0,25.0);
this.slot[0][0][4] = new Pair(3.0,25.0);
this.slot[0][0][5] = new Pair(3.0,25.0);
this.slot[0][0][6] = new Pair(3.0,25.0);
this.slot[0][0][7] = new Pair(3.0,25.0);
this.slot[0][0][8] = new Pair(3.0,25.0);
this.slot[0][1][0] = new Pair(2.127853460726815,-19.909062470556403);
this.slot[0][1][1] = new Pair(2.5381911573405453,27.94222713561018);
this.slot[0][1][2] = new Pair(2.186705970288415,23.780188559282685);
this.slot[0][1][3] = new Pair(3.0,25.0);
this.slot[0][1][4] = new Pair(3.0,25.0);
this.slot[0][1][5] = new Pair(2.8687200952830723,25.4503808990598);
this.slot[0][1][6] = new Pair(3.0,25.25332712518643);
this.slot[0][1][7] = new Pair(3.0,25.0);
this.slot[0][1][8] = new Pair(3.0,25.0);
this.slot[1][0][0] = new Pair(3.0,25.0);
this.slot[1][0][1] = new Pair(3.0,25.0);
this.slot[1][0][2] = new Pair(3.0,25.0);
this.slot[1][0][3] = new Pair(3.0,25.0);
this.slot[1][0][4] = new Pair(3.0,25.0);
this.slot[1][0][5] = new Pair(3.0,25.0);
this.slot[1][0][6] = new Pair(3.0,25.0);
this.slot[1][0][7] = new Pair(3.0,25.0);
this.slot[1][0][8] = new Pair(3.0,25.0);
this.slot[1][1][0] = new Pair(2.0,15.0);
this.slot[1][1][1] = new Pair(2.0,15.0);
this.slot[1][1][2] = new Pair(3.0,25.0);
this.slot[1][1][3] = new Pair(3.0,25.0);
this.slot[1][1][4] = new Pair(3.0,25.0);
this.slot[1][1][5] = new Pair(3.0,25.0);
this.slot[1][1][6] = new Pair(3.0,26.35097155643032);
this.slot[1][1][7] = new Pair(3.0,25.0);
this.slot[1][1][8] = new Pair(3.0,25.0);

