this.slot[0][0][0] = new Pair(3.0,25.0);
this.slot[0][0][1] = new Pair(3.0,25.0);
this.slot[0][0][2] = new Pair(3.0,25.0);
this.slot[0][0][3] = new Pair(3.0,25.0);
this.slot[0][0][4] = new Pair(2.0,15.0);
this.slot[0][0][5] = new Pair(1.5081178955600225,16.94972739372191);
this.slot[0][0][6] = new Pair(2.0,15.0);
this.slot[0][0][7] = new Pair(2.0,15.0);
this.slot[0][0][8] = new Pair(2.299792414897424,14.097126616964045);
this.slot[0][1][0] = new Pair(2.0,15.0);
this.slot[0][1][1] = new Pair(2.0,15.0);
this.slot[0][1][2] = new Pair(2.0,15.0);
this.slot[0][1][3] = new Pair(2.015242146069282,15.146727235307205);
this.slot[0][1][4] = new Pair(2.0,15.0);
this.slot[0][1][5] = new Pair(2.0,15.0);
this.slot[0][1][6] = new Pair(2.0,15.0);
this.slot[0][1][7] = new Pair(2.0854910865140406,14.694582184372118);
this.slot[0][1][8] = new Pair(2.0,15.0);
this.slot[1][0][0] = new Pair(2.6747682567036946,27.103513566801926);
this.slot[1][0][1] = new Pair(3.0,25.0);
this.slot[1][0][2] = new Pair(3.0,25.0);
this.slot[1][0][3] = new Pair(3.0,25.0);
this.slot[1][0][4] = new Pair(2.1925970747177983,23.575161965619284);
this.slot[1][0][5] = new Pair(3.0,25.0);
this.slot[1][0][6] = new Pair(3.0,25.0);
this.slot[1][0][7] = new Pair(2.0,15.0);
this.slot[1][0][8] = new Pair(2.0,15.0);
this.slot[1][1][0] = new Pair(2.0,15.0);
this.slot[1][1][1] = new Pair(2.213486456475979,15.343488348092839);
this.slot[1][1][2] = new Pair(2.3469146472529996,14.31863293206928);
this.slot[1][1][3] = new Pair(3.0,25.0);
this.slot[1][1][4] = new Pair(3.0,25.0);
this.slot[1][1][5] = new Pair(2.0,15.0);
this.slot[1][1][6] = new Pair(2.0,15.0);
this.slot[1][1][7] = new Pair(2.0,15.0);
this.slot[1][1][8] = new Pair(2.0,15.0);

